2021-11-07 13:44:09.663  INFO 29824 --- [Thread-19] com.alibaba.druid.pool.DruidDataSource   : {dataSource-0} closing ...
2021-11-07 13:44:09.777  INFO 29824 --- [restartedMain] com.yiwa.community.CommunityApplication  : Starting CommunityApplication using Java 1.8.0_291 on LAPTOP-U1MTCBV8 with PID 29824 (D:\编程文件\community\target\classes started by DA in D:\编程文件\community)
2021-11-07 13:44:09.778  INFO 29824 --- [restartedMain] com.yiwa.community.CommunityApplication  : The following profiles are active: prod
2021-11-07 13:44:09.987  INFO 29824 --- [restartedMain] o.s.b.w.embedded.tomcat.TomcatWebServer  : Tomcat initialized with port(s): 8080 (http)
2021-11-07 13:44:09.987  INFO 29824 --- [restartedMain] o.apache.catalina.core.StandardService   : Starting service [Tomcat]
2021-11-07 13:44:09.988  INFO 29824 --- [restartedMain] org.apache.catalina.core.StandardEngine  : Starting Servlet engine: [Apache Tomcat/9.0.52]
2021-11-07 13:44:10.003  INFO 29824 --- [restartedMain] o.a.c.c.C.[Tomcat].[localhost].[/]       : Initializing Spring embedded WebApplicationContext
2021-11-07 13:44:10.004  INFO 29824 --- [restartedMain] w.s.c.ServletWebServerApplicationContext : Root WebApplicationContext: initialization completed in 225 ms
2021-11-07 13:44:10.104  INFO 29824 --- [restartedMain] o.s.b.a.w.s.WelcomePageHandlerMapping    : Adding welcome page template: index
2021-11-07 13:44:10.135  INFO 29824 --- [restartedMain] o.s.b.d.a.OptionalLiveReloadServer       : LiveReload server is running on port 35729
2021-11-07 13:44:10.146  INFO 29824 --- [restartedMain] o.s.b.w.embedded.tomcat.TomcatWebServer  : Tomcat started on port(s): 8080 (http) with context path ''
2021-11-07 13:44:10.149  INFO 29824 --- [restartedMain] com.yiwa.community.CommunityApplication  : Started CommunityApplication in 0.394 seconds (JVM running for 375.262)
2021-11-07 13:44:10.150  INFO 29824 --- [restartedMain] .ConditionEvaluationDeltaLoggingListener : Condition evaluation unchanged
2021-11-07 13:44:38.644  INFO 29824 --- [Thread-23] com.alibaba.druid.pool.DruidDataSource   : {dataSource-0} closing ...
2021-11-07 13:44:38.734  INFO 29824 --- [restartedMain] com.yiwa.community.CommunityApplication  : Starting CommunityApplication using Java 1.8.0_291 on LAPTOP-U1MTCBV8 with PID 29824 (D:\编程文件\community\target\classes started by DA in D:\编程文件\community)
2021-11-07 13:44:38.734  INFO 29824 --- [restartedMain] com.yiwa.community.CommunityApplication  : The following profiles are active: prod
2021-11-07 13:44:38.918  INFO 29824 --- [restartedMain] o.s.b.w.embedded.tomcat.TomcatWebServer  : Tomcat initialized with port(s): 8080 (http)
2021-11-07 13:44:38.918  INFO 29824 --- [restartedMain] o.apache.catalina.core.StandardService   : Starting service [Tomcat]
2021-11-07 13:44:38.918  INFO 29824 --- [restartedMain] org.apache.catalina.core.StandardEngine  : Starting Servlet engine: [Apache Tomcat/9.0.52]
2021-11-07 13:44:38.933  INFO 29824 --- [restartedMain] o.a.c.c.C.[Tomcat].[localhost].[/]       : Initializing Spring embedded WebApplicationContext
2021-11-07 13:44:38.933  INFO 29824 --- [restartedMain] w.s.c.ServletWebServerApplicationContext : Root WebApplicationContext: initialization completed in 198 ms
2021-11-07 13:44:39.028  INFO 29824 --- [restartedMain] o.s.b.a.w.s.WelcomePageHandlerMapping    : Adding welcome page template: index
2021-11-07 13:44:39.057  INFO 29824 --- [restartedMain] o.s.b.d.a.OptionalLiveReloadServer       : LiveReload server is running on port 35729
2021-11-07 13:44:39.068  INFO 29824 --- [restartedMain] o.s.b.w.embedded.tomcat.TomcatWebServer  : Tomcat started on port(s): 8080 (http) with context path ''
2021-11-07 13:44:39.070  INFO 29824 --- [restartedMain] com.yiwa.community.CommunityApplication  : Started CommunityApplication in 0.358 seconds (JVM running for 404.183)
2021-11-07 13:44:39.072  INFO 29824 --- [restartedMain] .ConditionEvaluationDeltaLoggingListener : Condition evaluation unchanged
2021-11-07 13:44:44.261  INFO 29824 --- [http-nio-8080-exec-1] o.a.c.c.C.[Tomcat].[localhost].[/]       : Initializing Spring DispatcherServlet 'dispatcherServlet'
2021-11-07 13:44:44.261  INFO 29824 --- [http-nio-8080-exec-1] o.s.web.servlet.DispatcherServlet        : Initializing Servlet 'dispatcherServlet'
2021-11-07 13:44:44.261  INFO 29824 --- [http-nio-8080-exec-1] o.s.web.servlet.DispatcherServlet        : Completed initialization in 0 ms
2021-11-07 13:44:44.314  INFO 29824 --- [http-nio-8080-exec-1] com.alibaba.druid.pool.DruidDataSource   : {dataSource-2} inited
2021-11-07 13:44:44.333  WARN 29824 --- [http-nio-8080-exec-1] .m.m.a.ExceptionHandlerExceptionResolver : Resolved [com.yiwa.community.exception.UserNoLoginException: 未登录，请先登录]
2021-11-07 13:46:44.256  INFO 29824 --- [SpringApplicationShutdownHook] com.alibaba.druid.pool.DruidDataSource   : {dataSource-2} closing ...
2021-11-07 13:46:44.257  INFO 29824 --- [SpringApplicationShutdownHook] com.alibaba.druid.pool.DruidDataSource   : {dataSource-2} closed
2021-11-07 14:02:53.175  INFO 27332 --- [restartedMain] com.yiwa.community.CommunityApplication  : Starting CommunityApplication using Java 1.8.0_291 on LAPTOP-U1MTCBV8 with PID 27332 (D:\编程文件\community\target\classes started by DA in D:\编程文件\community)
2021-11-07 14:02:53.177  INFO 27332 --- [restartedMain] com.yiwa.community.CommunityApplication  : The following profiles are active: prod
2021-11-07 14:02:53.216  INFO 27332 --- [restartedMain] .e.DevToolsPropertyDefaultsPostProcessor : Devtools property defaults active! Set 'spring.devtools.add-properties' to 'false' to disable
2021-11-07 14:02:53.217  INFO 27332 --- [restartedMain] .e.DevToolsPropertyDefaultsPostProcessor : For additional web related logging consider setting the 'logging.level.web' property to 'DEBUG'
2021-11-07 14:02:54.065  INFO 27332 --- [restartedMain] o.s.b.w.embedded.tomcat.TomcatWebServer  : Tomcat initialized with port(s): 8080 (http)
2021-11-07 14:02:54.073  INFO 27332 --- [restartedMain] o.apache.catalina.core.StandardService   : Starting service [Tomcat]
2021-11-07 14:02:54.073  INFO 27332 --- [restartedMain] org.apache.catalina.core.StandardEngine  : Starting Servlet engine: [Apache Tomcat/9.0.52]
2021-11-07 14:02:54.139  INFO 27332 --- [restartedMain] o.a.c.c.C.[Tomcat].[localhost].[/]       : Initializing Spring embedded WebApplicationContext
2021-11-07 14:02:54.140  INFO 27332 --- [restartedMain] w.s.c.ServletWebServerApplicationContext : Root WebApplicationContext: initialization completed in 923 ms
2021-11-07 14:02:54.600  INFO 27332 --- [restartedMain] o.s.b.a.w.s.WelcomePageHandlerMapping    : Adding welcome page template: index
2021-11-07 14:02:54.845  INFO 27332 --- [restartedMain] o.s.b.d.a.OptionalLiveReloadServer       : LiveReload server is running on port 35729
2021-11-07 14:02:54.873  INFO 27332 --- [restartedMain] o.s.b.w.embedded.tomcat.TomcatWebServer  : Tomcat started on port(s): 8080 (http) with context path ''
2021-11-07 14:02:54.881  INFO 27332 --- [restartedMain] com.yiwa.community.CommunityApplication  : Started CommunityApplication in 2.07 seconds (JVM running for 2.87)
2021-11-07 14:02:54.975  INFO 27332 --- [http-nio-8080-exec-1] o.a.c.c.C.[Tomcat].[localhost].[/]       : Initializing Spring DispatcherServlet 'dispatcherServlet'
2021-11-07 14:02:54.975  INFO 27332 --- [http-nio-8080-exec-1] o.s.web.servlet.DispatcherServlet        : Initializing Servlet 'dispatcherServlet'
2021-11-07 14:02:54.976  INFO 27332 --- [http-nio-8080-exec-1] o.s.web.servlet.DispatcherServlet        : Completed initialization in 0 ms
2021-11-07 14:02:55.037  INFO 27332 --- [http-nio-8080-exec-1] com.alibaba.druid.pool.DruidDataSource   : {dataSource-1} inited
2021-11-07 14:02:55.132  INFO 27332 --- [http-nio-8080-exec-1] c.y.c.controller.routerController        : 79003485 用户再次登录
2021-11-07 14:03:00.262  INFO 27332 --- [http-nio-8080-exec-5] c.y.c.controller.routerController        : 79003485 用户再次登录
2021-11-07 14:03:21.024  INFO 27332 --- [http-nio-8080-exec-9] c.y.c.controller.routerController        : 79003485 用户再次登录
2021-11-07 14:03:47.058  INFO 27332 --- [http-nio-8080-exec-4] c.y.c.controller.routerController        : 79003485 用户再次登录
2021-11-07 14:04:00.978  INFO 27332 --- [http-nio-8080-exec-7] c.y.c.controller.routerController        : 79003485 用户再次登录
2021-11-07 14:04:02.676  INFO 27332 --- [http-nio-8080-exec-5] c.y.c.controller.routerController        : 79003485 用户再次登录
2021-11-07 14:04:11.485  INFO 27332 --- [http-nio-8080-exec-1] c.y.c.controller.routerController        : 79003485 用户再次登录
2021-11-07 14:04:58.165  INFO 27332 --- [http-nio-8080-exec-10] c.y.c.controller.routerController        : 79003485 用户再次登录
2021-11-07 14:05:05.845  INFO 27332 --- [http-nio-8080-exec-3] c.y.c.controller.routerController        : 79003485 用户再次登录
2021-11-07 14:05:19.901  INFO 27332 --- [http-nio-8080-exec-7] c.y.c.controller.routerController        : 79003485 用户再次登录
2021-11-07 14:05:33.601  INFO 27332 --- [http-nio-8080-exec-8] c.y.c.controller.routerController        : 79003485 用户再次登录
2021-11-07 14:06:10.606  INFO 27332 --- [http-nio-8080-exec-10] c.y.c.controller.routerController        : 79003485 用户再次登录
2021-11-07 14:06:20.984  INFO 27332 --- [http-nio-8080-exec-9] c.y.c.controller.routerController        : 79003485 用户再次登录
2021-11-07 14:06:36.671  INFO 27332 --- [http-nio-8080-exec-6] c.y.c.controller.routerController        : 79003485 用户再次登录
2021-11-07 14:06:53.194  INFO 27332 --- [http-nio-8080-exec-1] c.y.c.controller.routerController        : 79003485 用户再次登录
2021-11-07 14:07:37.330  INFO 27332 --- [http-nio-8080-exec-10] c.y.c.controller.routerController        : 79003485 用户再次登录
2021-11-07 14:12:21.415  WARN 27332 --- [http-nio-8080-exec-8] c.a.druid.pool.DruidAbstractDataSource   : discard long time none received connection. , jdbcUrl : jdbc:mysql://localhost:3306/community, version : 1.2.5, lastPacketReceivedIdleMillis : 179833
2021-11-07 14:12:21.415  WARN 27332 --- [http-nio-8080-exec-8] c.a.druid.pool.DruidAbstractDataSource   : discard long time none received connection. , jdbcUrl : jdbc:mysql://localhost:3306/community, version : 1.2.5, lastPacketReceivedIdleMillis : 562783
2021-11-07 14:12:21.419  INFO 27332 --- [http-nio-8080-exec-8] c.y.c.controller.routerController        : 79003485 用户再次登录
2021-11-07 14:13:35.864  WARN 27332 --- [http-nio-8080-exec-2] c.a.druid.pool.DruidAbstractDataSource   : discard long time none received connection. , jdbcUrl : jdbc:mysql://localhost:3306/community, version : 1.2.5, lastPacketReceivedIdleMillis : 70000
2021-11-07 14:14:18.260  INFO 27332 --- [http-nio-8080-exec-1] c.y.c.controller.routerController        : 79003485 用户再次登录
2021-11-07 14:26:20.563  INFO 27332 --- [Thread-9] com.alibaba.druid.pool.DruidDataSource   : {dataSource-1} closing ...
2021-11-07 14:26:20.565  INFO 27332 --- [Thread-9] com.alibaba.druid.pool.DruidDataSource   : {dataSource-1} closed
2021-11-07 14:26:20.694  INFO 27332 --- [restartedMain] com.yiwa.community.CommunityApplication  : Starting CommunityApplication using Java 1.8.0_291 on LAPTOP-U1MTCBV8 with PID 27332 (D:\编程文件\community\target\classes started by DA in D:\编程文件\community)
2021-11-07 14:26:20.694  INFO 27332 --- [restartedMain] com.yiwa.community.CommunityApplication  : The following profiles are active: prod
2021-11-07 14:26:20.954  INFO 27332 --- [restartedMain] o.s.b.w.embedded.tomcat.TomcatWebServer  : Tomcat initialized with port(s): 8080 (http)
2021-11-07 14:26:20.955  INFO 27332 --- [restartedMain] o.apache.catalina.core.StandardService   : Starting service [Tomcat]
2021-11-07 14:26:20.955  INFO 27332 --- [restartedMain] org.apache.catalina.core.StandardEngine  : Starting Servlet engine: [Apache Tomcat/9.0.52]
2021-11-07 14:26:20.973  INFO 27332 --- [restartedMain] o.a.c.c.C.[Tomcat].[localhost].[/]       : Initializing Spring embedded WebApplicationContext
2021-11-07 14:26:20.973  INFO 27332 --- [restartedMain] w.s.c.ServletWebServerApplicationContext : Root WebApplicationContext: initialization completed in 277 ms
2021-11-07 14:26:21.118  INFO 27332 --- [restartedMain] o.s.b.a.w.s.WelcomePageHandlerMapping    : Adding welcome page template: index
2021-11-07 14:26:21.174  INFO 27332 --- [restartedMain] o.s.b.d.a.OptionalLiveReloadServer       : LiveReload server is running on port 35729
2021-11-07 14:26:21.188  INFO 27332 --- [restartedMain] o.s.b.w.embedded.tomcat.TomcatWebServer  : Tomcat started on port(s): 8080 (http) with context path ''
2021-11-07 14:26:21.192  INFO 27332 --- [restartedMain] com.yiwa.community.CommunityApplication  : Started CommunityApplication in 0.527 seconds (JVM running for 1409.18)
2021-11-07 14:26:21.194  INFO 27332 --- [restartedMain] .ConditionEvaluationDeltaLoggingListener : Condition evaluation unchanged
2021-11-07 14:26:21.654  INFO 36872 --- [main] c.y.community.CommunityApplicationTests  : Starting CommunityApplicationTests using Java 1.8.0_291 on LAPTOP-U1MTCBV8 with PID 36872 (started by DA in D:\编程文件\community)
2021-11-07 14:26:21.655  INFO 36872 --- [main] c.y.community.CommunityApplicationTests  : The following profiles are active: prod
2021-11-07 14:26:23.381  INFO 36872 --- [main] o.s.b.a.w.s.WelcomePageHandlerMapping    : Adding welcome page template: index
2021-11-07 14:26:23.738  INFO 36872 --- [main] c.y.community.CommunityApplicationTests  : Started CommunityApplicationTests in 2.417 seconds (JVM running for 3.444)
2021-11-07 14:26:24.107  INFO 36872 --- [main] com.alibaba.druid.pool.DruidDataSource   : {dataSource-1} inited
2021-11-07 14:26:24.320  INFO 36872 --- [SpringApplicationShutdownHook] com.alibaba.druid.pool.DruidDataSource   : {dataSource-1} closing ...
2021-11-07 14:26:24.328  INFO 36872 --- [SpringApplicationShutdownHook] com.alibaba.druid.pool.DruidDataSource   : {dataSource-1} closed
2021-11-07 14:28:00.138  INFO 27332 --- [Thread-15] com.alibaba.druid.pool.DruidDataSource   : {dataSource-0} closing ...
2021-11-07 14:28:00.251  INFO 27332 --- [restartedMain] com.yiwa.community.CommunityApplication  : Starting CommunityApplication using Java 1.8.0_291 on LAPTOP-U1MTCBV8 with PID 27332 (D:\编程文件\community\target\classes started by DA in D:\编程文件\community)
2021-11-07 14:28:00.251  INFO 27332 --- [restartedMain] com.yiwa.community.CommunityApplication  : The following profiles are active: prod
2021-11-07 14:28:00.437  INFO 27332 --- [restartedMain] o.s.b.w.embedded.tomcat.TomcatWebServer  : Tomcat initialized with port(s): 8080 (http)
2021-11-07 14:28:00.437  INFO 27332 --- [restartedMain] o.apache.catalina.core.StandardService   : Starting service [Tomcat]
2021-11-07 14:28:00.438  INFO 27332 --- [restartedMain] org.apache.catalina.core.StandardEngine  : Starting Servlet engine: [Apache Tomcat/9.0.52]
2021-11-07 14:28:00.452  INFO 27332 --- [restartedMain] o.a.c.c.C.[Tomcat].[localhost].[/]       : Initializing Spring embedded WebApplicationContext
2021-11-07 14:28:00.452  INFO 27332 --- [restartedMain] w.s.c.ServletWebServerApplicationContext : Root WebApplicationContext: initialization completed in 199 ms
2021-11-07 14:28:00.548  INFO 27332 --- [restartedMain] o.s.b.a.w.s.WelcomePageHandlerMapping    : Adding welcome page template: index
2021-11-07 14:28:00.575  INFO 27332 --- [restartedMain] o.s.b.d.a.OptionalLiveReloadServer       : LiveReload server is running on port 35729
2021-11-07 14:28:00.585  INFO 27332 --- [restartedMain] o.s.b.w.embedded.tomcat.TomcatWebServer  : Tomcat started on port(s): 8080 (http) with context path ''
2021-11-07 14:28:00.588  INFO 27332 --- [restartedMain] com.yiwa.community.CommunityApplication  : Started CommunityApplication in 0.358 seconds (JVM running for 1508.577)
2021-11-07 14:28:00.589  INFO 27332 --- [restartedMain] .ConditionEvaluationDeltaLoggingListener : Condition evaluation unchanged
2021-11-07 14:28:34.822  INFO 27332 --- [Thread-19] com.alibaba.druid.pool.DruidDataSource   : {dataSource-0} closing ...
2021-11-07 14:28:34.923  INFO 27332 --- [restartedMain] com.yiwa.community.CommunityApplication  : Starting CommunityApplication using Java 1.8.0_291 on LAPTOP-U1MTCBV8 with PID 27332 (D:\编程文件\community\target\classes started by DA in D:\编程文件\community)
2021-11-07 14:28:34.923  INFO 27332 --- [restartedMain] com.yiwa.community.CommunityApplication  : The following profiles are active: prod
2021-11-07 14:28:35.105  INFO 27332 --- [restartedMain] o.s.b.w.embedded.tomcat.TomcatWebServer  : Tomcat initialized with port(s): 8080 (http)
2021-11-07 14:28:35.105  INFO 27332 --- [restartedMain] o.apache.catalina.core.StandardService   : Starting service [Tomcat]
2021-11-07 14:28:35.105  INFO 27332 --- [restartedMain] org.apache.catalina.core.StandardEngine  : Starting Servlet engine: [Apache Tomcat/9.0.52]
2021-11-07 14:28:35.120  INFO 27332 --- [restartedMain] o.a.c.c.C.[Tomcat].[localhost].[/]       : Initializing Spring embedded WebApplicationContext
2021-11-07 14:28:35.120  INFO 27332 --- [restartedMain] w.s.c.ServletWebServerApplicationContext : Root WebApplicationContext: initialization completed in 196 ms
2021-11-07 14:28:35.211  INFO 27332 --- [restartedMain] o.s.b.a.w.s.WelcomePageHandlerMapping    : Adding welcome page template: index
2021-11-07 14:28:35.238  INFO 27332 --- [restartedMain] o.s.b.d.a.OptionalLiveReloadServer       : LiveReload server is running on port 35729
2021-11-07 14:28:35.249  INFO 27332 --- [restartedMain] o.s.b.w.embedded.tomcat.TomcatWebServer  : Tomcat started on port(s): 8080 (http) with context path ''
2021-11-07 14:28:35.252  INFO 27332 --- [restartedMain] com.yiwa.community.CommunityApplication  : Started CommunityApplication in 0.35 seconds (JVM running for 1543.24)
2021-11-07 14:28:35.253  INFO 27332 --- [restartedMain] .ConditionEvaluationDeltaLoggingListener : Condition evaluation unchanged
2021-11-07 14:28:49.902  INFO 27332 --- [Thread-23] com.alibaba.druid.pool.DruidDataSource   : {dataSource-0} closing ...
2021-11-07 14:28:50.001  INFO 27332 --- [restartedMain] com.yiwa.community.CommunityApplication  : Starting CommunityApplication using Java 1.8.0_291 on LAPTOP-U1MTCBV8 with PID 27332 (D:\编程文件\community\target\classes started by DA in D:\编程文件\community)
2021-11-07 14:28:50.001  INFO 27332 --- [restartedMain] com.yiwa.community.CommunityApplication  : The following profiles are active: prod
2021-11-07 14:28:50.176  INFO 27332 --- [restartedMain] o.s.b.w.embedded.tomcat.TomcatWebServer  : Tomcat initialized with port(s): 8080 (http)
2021-11-07 14:28:50.177  INFO 27332 --- [restartedMain] o.apache.catalina.core.StandardService   : Starting service [Tomcat]
2021-11-07 14:28:50.177  INFO 27332 --- [restartedMain] org.apache.catalina.core.StandardEngine  : Starting Servlet engine: [Apache Tomcat/9.0.52]
2021-11-07 14:28:50.191  INFO 27332 --- [restartedMain] o.a.c.c.C.[Tomcat].[localhost].[/]       : Initializing Spring embedded WebApplicationContext
2021-11-07 14:28:50.191  INFO 27332 --- [restartedMain] w.s.c.ServletWebServerApplicationContext : Root WebApplicationContext: initialization completed in 188 ms
2021-11-07 14:28:50.279  INFO 27332 --- [restartedMain] o.s.b.a.w.s.WelcomePageHandlerMapping    : Adding welcome page template: index
2021-11-07 14:28:50.305  INFO 27332 --- [restartedMain] o.s.b.d.a.OptionalLiveReloadServer       : LiveReload server is running on port 35729
2021-11-07 14:28:50.315  INFO 27332 --- [restartedMain] o.s.b.w.embedded.tomcat.TomcatWebServer  : Tomcat started on port(s): 8080 (http) with context path ''
2021-11-07 14:28:50.318  INFO 27332 --- [restartedMain] com.yiwa.community.CommunityApplication  : Started CommunityApplication in 0.337 seconds (JVM running for 1558.307)
2021-11-07 14:28:50.319  INFO 27332 --- [restartedMain] .ConditionEvaluationDeltaLoggingListener : Condition evaluation unchanged
2021-11-07 14:29:49.741  INFO 37720 --- [main] c.y.community.CommunityApplicationTests  : Starting CommunityApplicationTests using Java 1.8.0_291 on LAPTOP-U1MTCBV8 with PID 37720 (started by DA in D:\编程文件\community)
2021-11-07 14:29:49.742  INFO 37720 --- [main] c.y.community.CommunityApplicationTests  : The following profiles are active: prod
2021-11-07 14:29:49.967  INFO 27332 --- [Thread-27] com.alibaba.druid.pool.DruidDataSource   : {dataSource-0} closing ...
2021-11-07 14:29:50.065  INFO 27332 --- [restartedMain] com.yiwa.community.CommunityApplication  : Starting CommunityApplication using Java 1.8.0_291 on LAPTOP-U1MTCBV8 with PID 27332 (D:\编程文件\community\target\classes started by DA in D:\编程文件\community)
2021-11-07 14:29:50.066  INFO 27332 --- [restartedMain] com.yiwa.community.CommunityApplication  : The following profiles are active: prod
2021-11-07 14:29:50.300  INFO 27332 --- [restartedMain] o.s.b.w.embedded.tomcat.TomcatWebServer  : Tomcat initialized with port(s): 8080 (http)
2021-11-07 14:29:50.300  INFO 27332 --- [restartedMain] o.apache.catalina.core.StandardService   : Starting service [Tomcat]
2021-11-07 14:29:50.300  INFO 27332 --- [restartedMain] org.apache.catalina.core.StandardEngine  : Starting Servlet engine: [Apache Tomcat/9.0.52]
2021-11-07 14:29:50.316  INFO 27332 --- [restartedMain] o.a.c.c.C.[Tomcat].[localhost].[/]       : Initializing Spring embedded WebApplicationContext
2021-11-07 14:29:50.316  INFO 27332 --- [restartedMain] w.s.c.ServletWebServerApplicationContext : Root WebApplicationContext: initialization completed in 248 ms
2021-11-07 14:29:50.420  INFO 27332 --- [restartedMain] o.s.b.a.w.s.WelcomePageHandlerMapping    : Adding welcome page template: index
2021-11-07 14:29:50.453  INFO 27332 --- [restartedMain] o.s.b.d.a.OptionalLiveReloadServer       : LiveReload server is running on port 35729
2021-11-07 14:29:50.464  INFO 27332 --- [restartedMain] o.s.b.w.embedded.tomcat.TomcatWebServer  : Tomcat started on port(s): 8080 (http) with context path ''
2021-11-07 14:29:50.467  INFO 27332 --- [restartedMain] com.yiwa.community.CommunityApplication  : Started CommunityApplication in 0.425 seconds (JVM running for 1618.455)
2021-11-07 14:29:50.468  INFO 27332 --- [restartedMain] .ConditionEvaluationDeltaLoggingListener : Condition evaluation unchanged
2021-11-07 14:29:51.546  INFO 37720 --- [main] o.s.b.a.w.s.WelcomePageHandlerMapping    : Adding welcome page template: index
2021-11-07 14:29:51.912  INFO 37720 --- [main] c.y.community.CommunityApplicationTests  : Started CommunityApplicationTests in 2.526 seconds (JVM running for 3.46)
2021-11-07 14:29:52.250  INFO 37720 --- [main] com.alibaba.druid.pool.DruidDataSource   : {dataSource-1} inited
2021-11-07 14:29:52.439  INFO 37720 --- [SpringApplicationShutdownHook] com.alibaba.druid.pool.DruidDataSource   : {dataSource-1} closing ...
2021-11-07 14:29:52.449  INFO 37720 --- [SpringApplicationShutdownHook] com.alibaba.druid.pool.DruidDataSource   : {dataSource-1} closed
2021-11-07 14:31:17.114  INFO 30588 --- [main] c.y.community.CommunityApplicationTests  : Starting CommunityApplicationTests using Java 1.8.0_291 on LAPTOP-U1MTCBV8 with PID 30588 (started by DA in D:\编程文件\community)
2021-11-07 14:31:17.115  INFO 30588 --- [main] c.y.community.CommunityApplicationTests  : The following profiles are active: prod
2021-11-07 14:31:18.882  INFO 30588 --- [main] o.s.b.a.w.s.WelcomePageHandlerMapping    : Adding welcome page template: index
2021-11-07 14:31:19.261  INFO 30588 --- [main] c.y.community.CommunityApplicationTests  : Started CommunityApplicationTests in 2.484 seconds (JVM running for 3.391)
2021-11-07 14:31:19.568  INFO 30588 --- [main] com.alibaba.druid.pool.DruidDataSource   : {dataSource-1} inited
2021-11-07 14:31:19.745  INFO 30588 --- [SpringApplicationShutdownHook] com.alibaba.druid.pool.DruidDataSource   : {dataSource-1} closing ...
2021-11-07 14:31:19.753  INFO 30588 --- [SpringApplicationShutdownHook] com.alibaba.druid.pool.DruidDataSource   : {dataSource-1} closed
2021-11-07 14:31:29.119  INFO 32216 --- [main] c.y.community.CommunityApplicationTests  : Starting CommunityApplicationTests using Java 1.8.0_291 on LAPTOP-U1MTCBV8 with PID 32216 (started by DA in D:\编程文件\community)
2021-11-07 14:31:29.119  INFO 32216 --- [main] c.y.community.CommunityApplicationTests  : The following profiles are active: prod
2021-11-07 14:31:30.859  INFO 32216 --- [main] o.s.b.a.w.s.WelcomePageHandlerMapping    : Adding welcome page template: index
2021-11-07 14:31:31.237  INFO 32216 --- [main] c.y.community.CommunityApplicationTests  : Started CommunityApplicationTests in 2.438 seconds (JVM running for 3.353)
2021-11-07 14:31:31.563  INFO 32216 --- [main] com.alibaba.druid.pool.DruidDataSource   : {dataSource-1} inited
2021-11-07 14:31:31.744  INFO 32216 --- [SpringApplicationShutdownHook] com.alibaba.druid.pool.DruidDataSource   : {dataSource-1} closing ...
2021-11-07 14:31:31.751  INFO 32216 --- [SpringApplicationShutdownHook] com.alibaba.druid.pool.DruidDataSource   : {dataSource-1} closed
2021-11-07 14:31:46.224  INFO 20884 --- [main] c.y.community.CommunityApplicationTests  : Starting CommunityApplicationTests using Java 1.8.0_291 on LAPTOP-U1MTCBV8 with PID 20884 (started by DA in D:\编程文件\community)
2021-11-07 14:31:46.225  INFO 20884 --- [main] c.y.community.CommunityApplicationTests  : The following profiles are active: prod
2021-11-07 14:31:47.998  INFO 20884 --- [main] o.s.b.a.w.s.WelcomePageHandlerMapping    : Adding welcome page template: index
2021-11-07 14:31:48.310  INFO 20884 --- [main] c.y.community.CommunityApplicationTests  : Started CommunityApplicationTests in 2.407 seconds (JVM running for 3.299)
2021-11-07 14:31:48.595  INFO 20884 --- [main] com.alibaba.druid.pool.DruidDataSource   : {dataSource-1} inited
2021-11-07 14:31:48.772  INFO 20884 --- [SpringApplicationShutdownHook] com.alibaba.druid.pool.DruidDataSource   : {dataSource-1} closing ...
2021-11-07 14:31:48.780  INFO 20884 --- [SpringApplicationShutdownHook] com.alibaba.druid.pool.DruidDataSource   : {dataSource-1} closed
2021-11-07 14:31:59.781  INFO 8528 --- [main] c.y.community.CommunityApplicationTests  : Starting CommunityApplicationTests using Java 1.8.0_291 on LAPTOP-U1MTCBV8 with PID 8528 (started by DA in D:\编程文件\community)
2021-11-07 14:31:59.781  INFO 8528 --- [main] c.y.community.CommunityApplicationTests  : The following profiles are active: prod
2021-11-07 14:32:01.551  INFO 8528 --- [main] o.s.b.a.w.s.WelcomePageHandlerMapping    : Adding welcome page template: index
2021-11-07 14:32:01.943  INFO 8528 --- [main] c.y.community.CommunityApplicationTests  : Started CommunityApplicationTests in 2.504 seconds (JVM running for 3.405)
2021-11-07 14:32:02.259  INFO 8528 --- [main] com.alibaba.druid.pool.DruidDataSource   : {dataSource-1} inited
2021-11-07 14:32:02.439  INFO 8528 --- [SpringApplicationShutdownHook] com.alibaba.druid.pool.DruidDataSource   : {dataSource-1} closing ...
2021-11-07 14:32:02.448  INFO 8528 --- [SpringApplicationShutdownHook] com.alibaba.druid.pool.DruidDataSource   : {dataSource-1} closed
2021-11-07 14:32:13.155  INFO 33916 --- [main] c.y.community.CommunityApplicationTests  : Starting CommunityApplicationTests using Java 1.8.0_291 on LAPTOP-U1MTCBV8 with PID 33916 (started by DA in D:\编程文件\community)
2021-11-07 14:32:13.156  INFO 33916 --- [main] c.y.community.CommunityApplicationTests  : The following profiles are active: prod
2021-11-07 14:32:14.901  INFO 33916 --- [main] o.s.b.a.w.s.WelcomePageHandlerMapping    : Adding welcome page template: index
2021-11-07 14:32:15.265  INFO 33916 --- [main] c.y.community.CommunityApplicationTests  : Started CommunityApplicationTests in 2.435 seconds (JVM running for 3.326)
2021-11-07 14:32:15.576  INFO 33916 --- [main] com.alibaba.druid.pool.DruidDataSource   : {dataSource-1} inited
2021-11-07 14:32:15.744  INFO 33916 --- [SpringApplicationShutdownHook] com.alibaba.druid.pool.DruidDataSource   : {dataSource-1} closing ...
2021-11-07 14:32:15.752  INFO 33916 --- [SpringApplicationShutdownHook] com.alibaba.druid.pool.DruidDataSource   : {dataSource-1} closed
2021-11-07 14:32:55.243  INFO 27332 --- [Thread-31] com.alibaba.druid.pool.DruidDataSource   : {dataSource-0} closing ...
2021-11-07 14:32:55.345  INFO 27332 --- [restartedMain] com.yiwa.community.CommunityApplication  : Starting CommunityApplication using Java 1.8.0_291 on LAPTOP-U1MTCBV8 with PID 27332 (D:\编程文件\community\target\classes started by DA in D:\编程文件\community)
2021-11-07 14:32:55.345  INFO 27332 --- [restartedMain] com.yiwa.community.CommunityApplication  : The following profiles are active: prod
2021-11-07 14:32:55.522  INFO 27332 --- [restartedMain] o.s.b.w.embedded.tomcat.TomcatWebServer  : Tomcat initialized with port(s): 8080 (http)
2021-11-07 14:32:55.523  INFO 27332 --- [restartedMain] o.apache.catalina.core.StandardService   : Starting service [Tomcat]
2021-11-07 14:32:55.523  INFO 27332 --- [restartedMain] org.apache.catalina.core.StandardEngine  : Starting Servlet engine: [Apache Tomcat/9.0.52]
2021-11-07 14:32:55.537  INFO 27332 --- [restartedMain] o.a.c.c.C.[Tomcat].[localhost].[/]       : Initializing Spring embedded WebApplicationContext
2021-11-07 14:32:55.537  INFO 27332 --- [restartedMain] w.s.c.ServletWebServerApplicationContext : Root WebApplicationContext: initialization completed in 191 ms
2021-11-07 14:32:55.623  INFO 27332 --- [restartedMain] o.s.b.a.w.s.WelcomePageHandlerMapping    : Adding welcome page template: index
2021-11-07 14:32:55.651  INFO 27332 --- [restartedMain] o.s.b.d.a.OptionalLiveReloadServer       : LiveReload server is running on port 35729
2021-11-07 14:32:55.662  INFO 27332 --- [restartedMain] o.s.b.w.embedded.tomcat.TomcatWebServer  : Tomcat started on port(s): 8080 (http) with context path ''
2021-11-07 14:32:55.666  INFO 27332 --- [restartedMain] com.yiwa.community.CommunityApplication  : Started CommunityApplication in 0.341 seconds (JVM running for 1803.655)
2021-11-07 14:32:55.667  INFO 27332 --- [restartedMain] .ConditionEvaluationDeltaLoggingListener : Condition evaluation unchanged
2021-11-07 14:33:12.786  INFO 27332 --- [Thread-35] com.alibaba.druid.pool.DruidDataSource   : {dataSource-0} closing ...
2021-11-07 14:33:12.877  INFO 27332 --- [restartedMain] com.yiwa.community.CommunityApplication  : Starting CommunityApplication using Java 1.8.0_291 on LAPTOP-U1MTCBV8 with PID 27332 (D:\编程文件\community\target\classes started by DA in D:\编程文件\community)
2021-11-07 14:33:12.878  INFO 27332 --- [restartedMain] com.yiwa.community.CommunityApplication  : The following profiles are active: prod
2021-11-07 14:33:13.033  INFO 23616 --- [main] c.y.community.CommunityApplicationTests  : Starting CommunityApplicationTests using Java 1.8.0_291 on LAPTOP-U1MTCBV8 with PID 23616 (started by DA in D:\编程文件\community)
2021-11-07 14:33:13.034  INFO 23616 --- [main] c.y.community.CommunityApplicationTests  : The following profiles are active: prod
2021-11-07 14:33:13.119  INFO 27332 --- [restartedMain] o.s.b.w.embedded.tomcat.TomcatWebServer  : Tomcat initialized with port(s): 8080 (http)
2021-11-07 14:33:13.120  INFO 27332 --- [restartedMain] o.apache.catalina.core.StandardService   : Starting service [Tomcat]
2021-11-07 14:33:13.120  INFO 27332 --- [restartedMain] org.apache.catalina.core.StandardEngine  : Starting Servlet engine: [Apache Tomcat/9.0.52]
2021-11-07 14:33:13.134  INFO 27332 --- [restartedMain] o.a.c.c.C.[Tomcat].[localhost].[/]       : Initializing Spring embedded WebApplicationContext
2021-11-07 14:33:13.134  INFO 27332 --- [restartedMain] w.s.c.ServletWebServerApplicationContext : Root WebApplicationContext: initialization completed in 254 ms
2021-11-07 14:33:13.234  INFO 27332 --- [restartedMain] o.s.b.a.w.s.WelcomePageHandlerMapping    : Adding welcome page template: index
2021-11-07 14:33:13.270  INFO 27332 --- [restartedMain] o.s.b.d.a.OptionalLiveReloadServer       : LiveReload server is running on port 35729
2021-11-07 14:33:13.283  INFO 27332 --- [restartedMain] o.s.b.w.embedded.tomcat.TomcatWebServer  : Tomcat started on port(s): 8080 (http) with context path ''
2021-11-07 14:33:13.286  INFO 27332 --- [restartedMain] com.yiwa.community.CommunityApplication  : Started CommunityApplication in 0.434 seconds (JVM running for 1821.275)
2021-11-07 14:33:13.287  INFO 27332 --- [restartedMain] .ConditionEvaluationDeltaLoggingListener : Condition evaluation unchanged
2021-11-07 14:33:14.803  INFO 23616 --- [main] o.s.b.a.w.s.WelcomePageHandlerMapping    : Adding welcome page template: index
2021-11-07 14:33:15.228  INFO 23616 --- [main] c.y.community.CommunityApplicationTests  : Started CommunityApplicationTests in 2.559 seconds (JVM running for 3.459)
2021-11-07 14:33:15.516  INFO 23616 --- [main] com.alibaba.druid.pool.DruidDataSource   : {dataSource-1} inited
2021-11-07 14:33:15.726  INFO 23616 --- [SpringApplicationShutdownHook] com.alibaba.druid.pool.DruidDataSource   : {dataSource-1} closing ...
2021-11-07 14:33:15.733  INFO 23616 --- [SpringApplicationShutdownHook] com.alibaba.druid.pool.DruidDataSource   : {dataSource-1} closed
2021-11-07 14:36:37.390  INFO 27332 --- [Thread-39] com.alibaba.druid.pool.DruidDataSource   : {dataSource-0} closing ...
2021-11-07 14:36:37.512  INFO 27332 --- [restartedMain] com.yiwa.community.CommunityApplication  : Starting CommunityApplication using Java 1.8.0_291 on LAPTOP-U1MTCBV8 with PID 27332 (D:\编程文件\community\target\classes started by DA in D:\编程文件\community)
2021-11-07 14:36:37.512  INFO 27332 --- [restartedMain] com.yiwa.community.CommunityApplication  : The following profiles are active: prod
2021-11-07 14:36:37.716  INFO 27332 --- [restartedMain] o.s.b.w.embedded.tomcat.TomcatWebServer  : Tomcat initialized with port(s): 8080 (http)
2021-11-07 14:36:37.716  INFO 27332 --- [restartedMain] o.apache.catalina.core.StandardService   : Starting service [Tomcat]
2021-11-07 14:36:37.716  INFO 27332 --- [restartedMain] org.apache.catalina.core.StandardEngine  : Starting Servlet engine: [Apache Tomcat/9.0.52]
2021-11-07 14:36:37.730  INFO 27332 --- [restartedMain] o.a.c.c.C.[Tomcat].[localhost].[/]       : Initializing Spring embedded WebApplicationContext
2021-11-07 14:36:37.730  INFO 27332 --- [restartedMain] w.s.c.ServletWebServerApplicationContext : Root WebApplicationContext: initialization completed in 217 ms
2021-11-07 14:36:37.815  INFO 27332 --- [restartedMain] o.s.b.a.w.s.WelcomePageHandlerMapping    : Adding welcome page template: index
2021-11-07 14:36:37.843  INFO 27332 --- [restartedMain] o.s.b.d.a.OptionalLiveReloadServer       : LiveReload server is running on port 35729
2021-11-07 14:36:37.853  INFO 27332 --- [restartedMain] o.s.b.w.embedded.tomcat.TomcatWebServer  : Tomcat started on port(s): 8080 (http) with context path ''
2021-11-07 14:36:37.856  INFO 27332 --- [restartedMain] com.yiwa.community.CommunityApplication  : Started CommunityApplication in 0.364 seconds (JVM running for 2025.844)
2021-11-07 14:36:37.857  INFO 27332 --- [restartedMain] .ConditionEvaluationDeltaLoggingListener : Condition evaluation unchanged
2021-11-07 14:36:53.845  INFO 18908 --- [main] c.y.community.CommunityApplicationTests  : Starting CommunityApplicationTests using Java 1.8.0_291 on LAPTOP-U1MTCBV8 with PID 18908 (started by DA in D:\编程文件\community)
2021-11-07 14:36:53.846  INFO 18908 --- [main] c.y.community.CommunityApplicationTests  : The following profiles are active: prod
2021-11-07 14:36:55.603  INFO 18908 --- [main] o.s.b.a.w.s.WelcomePageHandlerMapping    : Adding welcome page template: index
2021-11-07 14:36:55.945  INFO 18908 --- [main] c.y.community.CommunityApplicationTests  : Started CommunityApplicationTests in 2.427 seconds (JVM running for 3.374)
2021-11-07 14:36:56.268  INFO 18908 --- [main] com.alibaba.druid.pool.DruidDataSource   : {dataSource-1} inited
2021-11-07 14:36:56.446  INFO 18908 --- [SpringApplicationShutdownHook] com.alibaba.druid.pool.DruidDataSource   : {dataSource-1} closing ...
2021-11-07 14:36:56.453  INFO 18908 --- [SpringApplicationShutdownHook] com.alibaba.druid.pool.DruidDataSource   : {dataSource-1} closed
2021-11-07 14:37:48.079  INFO 27332 --- [Thread-43] com.alibaba.druid.pool.DruidDataSource   : {dataSource-0} closing ...
2021-11-07 14:37:48.163  INFO 27332 --- [restartedMain] com.yiwa.community.CommunityApplication  : Starting CommunityApplication using Java 1.8.0_291 on LAPTOP-U1MTCBV8 with PID 27332 (D:\编程文件\community\target\classes started by DA in D:\编程文件\community)
2021-11-07 14:37:48.164  INFO 27332 --- [restartedMain] com.yiwa.community.CommunityApplication  : The following profiles are active: prod
2021-11-07 14:37:48.394  INFO 27332 --- [restartedMain] o.s.b.w.embedded.tomcat.TomcatWebServer  : Tomcat initialized with port(s): 8080 (http)
2021-11-07 14:37:48.394  INFO 27332 --- [restartedMain] o.apache.catalina.core.StandardService   : Starting service [Tomcat]
2021-11-07 14:37:48.394  INFO 27332 --- [restartedMain] org.apache.catalina.core.StandardEngine  : Starting Servlet engine: [Apache Tomcat/9.0.52]
2021-11-07 14:37:48.410  INFO 27332 --- [restartedMain] o.a.c.c.C.[Tomcat].[localhost].[/]       : Initializing Spring embedded WebApplicationContext
2021-11-07 14:37:48.411  INFO 27332 --- [restartedMain] w.s.c.ServletWebServerApplicationContext : Root WebApplicationContext: initialization completed in 246 ms
2021-11-07 14:37:48.507  INFO 27332 --- [restartedMain] o.s.b.a.w.s.WelcomePageHandlerMapping    : Adding welcome page template: index
2021-11-07 14:37:48.546  INFO 27332 --- [restartedMain] o.s.b.d.a.OptionalLiveReloadServer       : LiveReload server is running on port 35729
2021-11-07 14:37:48.559  INFO 27332 --- [restartedMain] o.s.b.w.embedded.tomcat.TomcatWebServer  : Tomcat started on port(s): 8080 (http) with context path ''
2021-11-07 14:37:48.566  INFO 27332 --- [restartedMain] com.yiwa.community.CommunityApplication  : Started CommunityApplication in 0.424 seconds (JVM running for 2096.554)
2021-11-07 14:37:48.567  INFO 27332 --- [restartedMain] .ConditionEvaluationDeltaLoggingListener : Condition evaluation unchanged
2021-11-07 14:37:48.922  INFO 23804 --- [main] c.y.community.CommunityApplicationTests  : Starting CommunityApplicationTests using Java 1.8.0_291 on LAPTOP-U1MTCBV8 with PID 23804 (started by DA in D:\编程文件\community)
2021-11-07 14:37:48.923  INFO 23804 --- [main] c.y.community.CommunityApplicationTests  : The following profiles are active: prod
2021-11-07 14:37:50.670  INFO 23804 --- [main] o.s.b.a.w.s.WelcomePageHandlerMapping    : Adding welcome page template: index
2021-11-07 14:37:51.039  INFO 23804 --- [main] c.y.community.CommunityApplicationTests  : Started CommunityApplicationTests in 2.45 seconds (JVM running for 3.373)
2021-11-07 14:37:51.381  INFO 23804 --- [main] com.alibaba.druid.pool.DruidDataSource   : {dataSource-1} inited
2021-11-07 14:37:51.556  INFO 23804 --- [SpringApplicationShutdownHook] com.alibaba.druid.pool.DruidDataSource   : {dataSource-1} closing ...
2021-11-07 14:37:51.565  INFO 23804 --- [SpringApplicationShutdownHook] com.alibaba.druid.pool.DruidDataSource   : {dataSource-1} closed
2021-11-07 14:38:57.462  INFO 38328 --- [main] c.y.community.CommunityApplicationTests  : Starting CommunityApplicationTests using Java 1.8.0_291 on LAPTOP-U1MTCBV8 with PID 38328 (started by DA in D:\编程文件\community)
2021-11-07 14:38:57.463  INFO 38328 --- [main] c.y.community.CommunityApplicationTests  : The following profiles are active: prod
2021-11-07 14:38:57.592  INFO 27332 --- [Thread-47] com.alibaba.druid.pool.DruidDataSource   : {dataSource-0} closing ...
2021-11-07 14:38:57.670  INFO 27332 --- [restartedMain] com.yiwa.community.CommunityApplication  : Starting CommunityApplication using Java 1.8.0_291 on LAPTOP-U1MTCBV8 with PID 27332 (D:\编程文件\community\target\classes started by DA in D:\编程文件\community)
2021-11-07 14:38:57.671  INFO 27332 --- [restartedMain] com.yiwa.community.CommunityApplication  : The following profiles are active: prod
2021-11-07 14:38:57.891  INFO 27332 --- [restartedMain] o.s.b.w.embedded.tomcat.TomcatWebServer  : Tomcat initialized with port(s): 8080 (http)
2021-11-07 14:38:57.892  INFO 27332 --- [restartedMain] o.apache.catalina.core.StandardService   : Starting service [Tomcat]
2021-11-07 14:38:57.892  INFO 27332 --- [restartedMain] org.apache.catalina.core.StandardEngine  : Starting Servlet engine: [Apache Tomcat/9.0.52]
2021-11-07 14:38:57.907  INFO 27332 --- [restartedMain] o.a.c.c.C.[Tomcat].[localhost].[/]       : Initializing Spring embedded WebApplicationContext
2021-11-07 14:38:57.907  INFO 27332 --- [restartedMain] w.s.c.ServletWebServerApplicationContext : Root WebApplicationContext: initialization completed in 235 ms
2021-11-07 14:38:58.008  INFO 27332 --- [restartedMain] o.s.b.a.w.s.WelcomePageHandlerMapping    : Adding welcome page template: index
2021-11-07 14:38:58.041  INFO 27332 --- [restartedMain] o.s.b.d.a.OptionalLiveReloadServer       : LiveReload server is running on port 35729
2021-11-07 14:38:58.056  INFO 27332 --- [restartedMain] o.s.b.w.embedded.tomcat.TomcatWebServer  : Tomcat started on port(s): 8080 (http) with context path ''
2021-11-07 14:38:58.059  INFO 27332 --- [restartedMain] com.yiwa.community.CommunityApplication  : Started CommunityApplication in 0.407 seconds (JVM running for 2166.047)
2021-11-07 14:38:58.059  INFO 27332 --- [restartedMain] .ConditionEvaluationDeltaLoggingListener : Condition evaluation unchanged
2021-11-07 14:38:59.276  INFO 38328 --- [main] o.s.b.a.w.s.WelcomePageHandlerMapping    : Adding welcome page template: index
2021-11-07 14:38:59.670  INFO 38328 --- [main] c.y.community.CommunityApplicationTests  : Started CommunityApplicationTests in 2.532 seconds (JVM running for 3.403)
2021-11-07 14:38:59.953  INFO 38328 --- [main] com.alibaba.druid.pool.DruidDataSource   : {dataSource-1} inited
2021-11-07 14:39:00.132  INFO 38328 --- [SpringApplicationShutdownHook] com.alibaba.druid.pool.DruidDataSource   : {dataSource-1} closing ...
2021-11-07 14:39:00.140  INFO 38328 --- [SpringApplicationShutdownHook] com.alibaba.druid.pool.DruidDataSource   : {dataSource-1} closed
2021-11-07 14:39:07.723  INFO 17284 --- [main] c.y.community.CommunityApplicationTests  : Starting CommunityApplicationTests using Java 1.8.0_291 on LAPTOP-U1MTCBV8 with PID 17284 (started by DA in D:\编程文件\community)
2021-11-07 14:39:07.724  INFO 17284 --- [main] c.y.community.CommunityApplicationTests  : The following profiles are active: prod
2021-11-07 14:39:09.459  INFO 17284 --- [main] o.s.b.a.w.s.WelcomePageHandlerMapping    : Adding welcome page template: index
2021-11-07 14:39:09.853  INFO 17284 --- [main] c.y.community.CommunityApplicationTests  : Started CommunityApplicationTests in 2.46 seconds (JVM running for 3.352)
2021-11-07 14:39:10.157  INFO 17284 --- [main] com.alibaba.druid.pool.DruidDataSource   : {dataSource-1} inited
2021-11-07 14:39:10.325  INFO 17284 --- [SpringApplicationShutdownHook] com.alibaba.druid.pool.DruidDataSource   : {dataSource-1} closing ...
2021-11-07 14:39:10.332  INFO 17284 --- [SpringApplicationShutdownHook] com.alibaba.druid.pool.DruidDataSource   : {dataSource-1} closed
2021-11-07 14:39:19.701  INFO 24440 --- [main] c.y.community.CommunityApplicationTests  : Starting CommunityApplicationTests using Java 1.8.0_291 on LAPTOP-U1MTCBV8 with PID 24440 (started by DA in D:\编程文件\community)
2021-11-07 14:39:19.702  INFO 24440 --- [main] c.y.community.CommunityApplicationTests  : The following profiles are active: prod
2021-11-07 14:39:21.388  INFO 24440 --- [main] o.s.b.a.w.s.WelcomePageHandlerMapping    : Adding welcome page template: index
2021-11-07 14:39:21.753  INFO 24440 --- [main] c.y.community.CommunityApplicationTests  : Started CommunityApplicationTests in 2.38 seconds (JVM running for 3.257)
2021-11-07 14:39:22.071  INFO 24440 --- [main] com.alibaba.druid.pool.DruidDataSource   : {dataSource-1} inited
2021-11-07 14:39:22.247  INFO 24440 --- [SpringApplicationShutdownHook] com.alibaba.druid.pool.DruidDataSource   : {dataSource-1} closing ...
2021-11-07 14:39:22.255  INFO 24440 --- [SpringApplicationShutdownHook] com.alibaba.druid.pool.DruidDataSource   : {dataSource-1} closed
2021-11-07 14:40:02.216  INFO 27332 --- [SpringApplicationShutdownHook] com.alibaba.druid.pool.DruidDataSource   : {dataSource-0} closing ...
2021-11-07 14:46:54.308  INFO 9668 --- [main] c.y.community.CommunityApplicationTests  : Starting CommunityApplicationTests using Java 1.8.0_291 on LAPTOP-U1MTCBV8 with PID 9668 (started by DA in D:\编程文件\community)
2021-11-07 14:46:54.309  INFO 9668 --- [main] c.y.community.CommunityApplicationTests  : The following profiles are active: prod
2021-11-07 14:46:56.065  INFO 9668 --- [main] o.s.b.a.w.s.WelcomePageHandlerMapping    : Adding welcome page template: index
2021-11-07 14:46:56.398  INFO 9668 --- [main] c.y.community.CommunityApplicationTests  : Started CommunityApplicationTests in 2.441 seconds (JVM running for 3.378)
2021-11-07 14:46:56.607  INFO 9668 --- [SpringApplicationShutdownHook] com.alibaba.druid.pool.DruidDataSource   : {dataSource-0} closing ...
2021-11-07 14:47:29.761  INFO 21684 --- [restartedMain] com.yiwa.community.CommunityApplication  : Starting CommunityApplication using Java 1.8.0_291 on LAPTOP-U1MTCBV8 with PID 21684 (D:\编程文件\community\target\classes started by DA in D:\编程文件\community)
2021-11-07 14:47:29.763  INFO 21684 --- [restartedMain] com.yiwa.community.CommunityApplication  : The following profiles are active: prod
2021-11-07 14:47:29.802  INFO 21684 --- [restartedMain] .e.DevToolsPropertyDefaultsPostProcessor : Devtools property defaults active! Set 'spring.devtools.add-properties' to 'false' to disable
2021-11-07 14:47:29.802  INFO 21684 --- [restartedMain] .e.DevToolsPropertyDefaultsPostProcessor : For additional web related logging consider setting the 'logging.level.web' property to 'DEBUG'
2021-11-07 14:47:30.620  INFO 21684 --- [restartedMain] o.s.b.w.embedded.tomcat.TomcatWebServer  : Tomcat initialized with port(s): 8080 (http)
2021-11-07 14:47:30.626  INFO 21684 --- [restartedMain] o.apache.catalina.core.StandardService   : Starting service [Tomcat]
2021-11-07 14:47:30.626  INFO 21684 --- [restartedMain] org.apache.catalina.core.StandardEngine  : Starting Servlet engine: [Apache Tomcat/9.0.52]
2021-11-07 14:47:30.686  INFO 21684 --- [restartedMain] o.a.c.c.C.[Tomcat].[localhost].[/]       : Initializing Spring embedded WebApplicationContext
2021-11-07 14:47:30.687  INFO 21684 --- [restartedMain] w.s.c.ServletWebServerApplicationContext : Root WebApplicationContext: initialization completed in 885 ms
2021-11-07 14:47:31.153  INFO 21684 --- [restartedMain] o.s.b.a.w.s.WelcomePageHandlerMapping    : Adding welcome page template: index
2021-11-07 14:47:31.394  INFO 21684 --- [restartedMain] o.s.b.d.a.OptionalLiveReloadServer       : LiveReload server is running on port 35729
2021-11-07 14:47:31.425  INFO 21684 --- [restartedMain] o.s.b.w.embedded.tomcat.TomcatWebServer  : Tomcat started on port(s): 8080 (http) with context path ''
2021-11-07 14:47:31.435  INFO 21684 --- [restartedMain] com.yiwa.community.CommunityApplication  : Started CommunityApplication in 2.008 seconds (JVM running for 2.724)
2021-11-07 14:47:34.818  INFO 21684 --- [http-nio-8080-exec-1] o.a.c.c.C.[Tomcat].[localhost].[/]       : Initializing Spring DispatcherServlet 'dispatcherServlet'
2021-11-07 14:47:34.819  INFO 21684 --- [http-nio-8080-exec-1] o.s.web.servlet.DispatcherServlet        : Initializing Servlet 'dispatcherServlet'
2021-11-07 14:47:34.820  INFO 21684 --- [http-nio-8080-exec-1] o.s.web.servlet.DispatcherServlet        : Completed initialization in 1 ms
2021-11-07 14:47:34.882  INFO 21684 --- [http-nio-8080-exec-1] com.alibaba.druid.pool.DruidDataSource   : {dataSource-1} inited
2021-11-07 14:47:34.980  INFO 21684 --- [http-nio-8080-exec-1] c.y.c.controller.routerController        : 79003485 用户再次登录
2021-11-07 14:47:58.663  INFO 21684 --- [http-nio-8080-exec-8] c.y.c.controller.routerController        : 79003485 用户再次登录
2021-11-07 14:47:58.690 ERROR 21684 --- [http-nio-8080-exec-8] o.a.c.c.C.[.[.[/].[dispatcherServlet]    : Servlet.service() for servlet [dispatcherServlet] in context with path [] threw exception [Request processing failed; nested exception is org.mybatis.spring.MyBatisSystemException: nested exception is org.apache.ibatis.binding.BindingException: Parameter 'offset' not found. Available parameters are [search, param1]] with root cause

org.apache.ibatis.binding.BindingException: Parameter 'offset' not found. Available parameters are [search, param1]
	at org.apache.ibatis.binding.MapperMethod$ParamMap.get(MapperMethod.java:212) ~[mybatis-3.5.7.jar:3.5.7]
	at org.apache.ibatis.reflection.wrapper.MapWrapper.get(MapWrapper.java:45) ~[mybatis-3.5.7.jar:3.5.7]
	at org.apache.ibatis.reflection.MetaObject.getValue(MetaObject.java:122) ~[mybatis-3.5.7.jar:3.5.7]
	at org.apache.ibatis.executor.BaseExecutor.createCacheKey(BaseExecutor.java:219) ~[mybatis-3.5.7.jar:3.5.7]
	at org.apache.ibatis.executor.CachingExecutor.createCacheKey(CachingExecutor.java:146) ~[mybatis-3.5.7.jar:3.5.7]
	at org.apache.ibatis.executor.CachingExecutor.query(CachingExecutor.java:88) ~[mybatis-3.5.7.jar:3.5.7]
	at org.apache.ibatis.session.defaults.DefaultSqlSession.selectList(DefaultSqlSession.java:151) ~[mybatis-3.5.7.jar:3.5.7]
	at org.apache.ibatis.session.defaults.DefaultSqlSession.selectList(DefaultSqlSession.java:145) ~[mybatis-3.5.7.jar:3.5.7]
	at org.apache.ibatis.session.defaults.DefaultSqlSession.selectList(DefaultSqlSession.java:140) ~[mybatis-3.5.7.jar:3.5.7]
	at org.apache.ibatis.session.defaults.DefaultSqlSession.selectOne(DefaultSqlSession.java:76) ~[mybatis-3.5.7.jar:3.5.7]
	at sun.reflect.NativeMethodAccessorImpl.invoke0(Native Method) ~[na:1.8.0_291]
	at sun.reflect.NativeMethodAccessorImpl.invoke(NativeMethodAccessorImpl.java:62) ~[na:1.8.0_291]
	at sun.reflect.DelegatingMethodAccessorImpl.invoke(DelegatingMethodAccessorImpl.java:43) ~[na:1.8.0_291]
	at java.lang.reflect.Method.invoke(Method.java:498) ~[na:1.8.0_291]
	at org.mybatis.spring.SqlSessionTemplate$SqlSessionInterceptor.invoke(SqlSessionTemplate.java:427) ~[mybatis-spring-2.0.6.jar:2.0.6]
	at com.sun.proxy.$Proxy62.selectOne(Unknown Source) ~[na:na]
	at org.mybatis.spring.SqlSessionTemplate.selectOne(SqlSessionTemplate.java:160) ~[mybatis-spring-2.0.6.jar:2.0.6]
	at org.apache.ibatis.binding.MapperMethod.execute(MapperMethod.java:87) ~[mybatis-3.5.7.jar:3.5.7]
	at org.apache.ibatis.binding.MapperProxy$PlainMethodInvoker.invoke(MapperProxy.java:145) ~[mybatis-3.5.7.jar:3.5.7]
	at org.apache.ibatis.binding.MapperProxy.invoke(MapperProxy.java:86) ~[mybatis-3.5.7.jar:3.5.7]
	at com.sun.proxy.$Proxy65.countSearchResult(Unknown Source) ~[na:na]
	at sun.reflect.NativeMethodAccessorImpl.invoke0(Native Method) ~[na:1.8.0_291]
	at sun.reflect.NativeMethodAccessorImpl.invoke(NativeMethodAccessorImpl.java:62) ~[na:1.8.0_291]
	at sun.reflect.DelegatingMethodAccessorImpl.invoke(DelegatingMethodAccessorImpl.java:43) ~[na:1.8.0_291]
	at java.lang.reflect.Method.invoke(Method.java:498) ~[na:1.8.0_291]
	at org.springframework.aop.support.AopUtils.invokeJoinpointUsingReflection(AopUtils.java:344) ~[spring-aop-5.3.9.jar:5.3.9]
	at org.springframework.aop.framework.ReflectiveMethodInvocation.invokeJoinpoint(ReflectiveMethodInvocation.java:198) ~[spring-aop-5.3.9.jar:5.3.9]
	at org.springframework.aop.framework.ReflectiveMethodInvocation.proceed(ReflectiveMethodInvocation.java:163) ~[spring-aop-5.3.9.jar:5.3.9]
	at org.springframework.dao.support.PersistenceExceptionTranslationInterceptor.invoke(PersistenceExceptionTranslationInterceptor.java:137) ~[spring-tx-5.3.9.jar:5.3.9]
	at org.springframework.aop.framework.ReflectiveMethodInvocation.proceed(ReflectiveMethodInvocation.java:186) ~[spring-aop-5.3.9.jar:5.3.9]
	at org.springframework.aop.framework.JdkDynamicAopProxy.invoke(JdkDynamicAopProxy.java:215) ~[spring-aop-5.3.9.jar:5.3.9]
	at com.sun.proxy.$Proxy66.countSearchResult(Unknown Source) ~[na:na]
	at com.yiwa.community.controller.routerController.index(routerController.java:90) ~[classes/:na]
	at sun.reflect.NativeMethodAccessorImpl.invoke0(Native Method) ~[na:1.8.0_291]
	at sun.reflect.NativeMethodAccessorImpl.invoke(NativeMethodAccessorImpl.java:62) ~[na:1.8.0_291]
	at sun.reflect.DelegatingMethodAccessorImpl.invoke(DelegatingMethodAccessorImpl.java:43) ~[na:1.8.0_291]
	at java.lang.reflect.Method.invoke(Method.java:498) ~[na:1.8.0_291]
	at org.springframework.web.method.support.InvocableHandlerMethod.doInvoke(InvocableHandlerMethod.java:197) ~[spring-web-5.3.9.jar:5.3.9]
	at org.springframework.web.method.support.InvocableHandlerMethod.invokeForRequest(InvocableHandlerMethod.java:141) ~[spring-web-5.3.9.jar:5.3.9]
	at org.springframework.web.servlet.mvc.method.annotation.ServletInvocableHandlerMethod.invokeAndHandle(ServletInvocableHandlerMethod.java:106) ~[spring-webmvc-5.3.9.jar:5.3.9]
	at org.springframework.web.servlet.mvc.method.annotation.RequestMappingHandlerAdapter.invokeHandlerMethod(RequestMappingHandlerAdapter.java:895) ~[spring-webmvc-5.3.9.jar:5.3.9]
	at org.springframework.web.servlet.mvc.method.annotation.RequestMappingHandlerAdapter.handleInternal(RequestMappingHandlerAdapter.java:808) ~[spring-webmvc-5.3.9.jar:5.3.9]
	at org.springframework.web.servlet.mvc.method.AbstractHandlerMethodAdapter.handle(AbstractHandlerMethodAdapter.java:87) ~[spring-webmvc-5.3.9.jar:5.3.9]
	at org.springframework.web.servlet.DispatcherServlet.doDispatch(DispatcherServlet.java:1064) ~[spring-webmvc-5.3.9.jar:5.3.9]
	at org.springframework.web.servlet.DispatcherServlet.doService(DispatcherServlet.java:963) ~[spring-webmvc-5.3.9.jar:5.3.9]
	at org.springframework.web.servlet.FrameworkServlet.processRequest(FrameworkServlet.java:1006) ~[spring-webmvc-5.3.9.jar:5.3.9]
	at org.springframework.web.servlet.FrameworkServlet.doGet(FrameworkServlet.java:898) ~[spring-webmvc-5.3.9.jar:5.3.9]
	at javax.servlet.http.HttpServlet.service(HttpServlet.java:655) ~[tomcat-embed-core-9.0.52.jar:4.0.FR]
	at org.springframework.web.servlet.FrameworkServlet.service(FrameworkServlet.java:883) ~[spring-webmvc-5.3.9.jar:5.3.9]
	at javax.servlet.http.HttpServlet.service(HttpServlet.java:764) ~[tomcat-embed-core-9.0.52.jar:4.0.FR]
	at org.apache.catalina.core.ApplicationFilterChain.internalDoFilter(ApplicationFilterChain.java:227) ~[tomcat-embed-core-9.0.52.jar:9.0.52]
	at org.apache.catalina.core.ApplicationFilterChain.doFilter(ApplicationFilterChain.java:162) ~[tomcat-embed-core-9.0.52.jar:9.0.52]
	at org.apache.tomcat.websocket.server.WsFilter.doFilter(WsFilter.java:53) ~[tomcat-embed-websocket-9.0.52.jar:9.0.52]
	at org.apache.catalina.core.ApplicationFilterChain.internalDoFilter(ApplicationFilterChain.java:189) ~[tomcat-embed-core-9.0.52.jar:9.0.52]
	at org.apache.catalina.core.ApplicationFilterChain.doFilter(ApplicationFilterChain.java:162) ~[tomcat-embed-core-9.0.52.jar:9.0.52]
	at org.springframework.web.filter.RequestContextFilter.doFilterInternal(RequestContextFilter.java:100) ~[spring-web-5.3.9.jar:5.3.9]
	at org.springframework.web.filter.OncePerRequestFilter.doFilter(OncePerRequestFilter.java:119) ~[spring-web-5.3.9.jar:5.3.9]
	at org.apache.catalina.core.ApplicationFilterChain.internalDoFilter(ApplicationFilterChain.java:189) ~[tomcat-embed-core-9.0.52.jar:9.0.52]
	at org.apache.catalina.core.ApplicationFilterChain.doFilter(ApplicationFilterChain.java:162) ~[tomcat-embed-core-9.0.52.jar:9.0.52]
	at org.springframework.web.filter.FormContentFilter.doFilterInternal(FormContentFilter.java:93) ~[spring-web-5.3.9.jar:5.3.9]
	at org.springframework.web.filter.OncePerRequestFilter.doFilter(OncePerRequestFilter.java:119) ~[spring-web-5.3.9.jar:5.3.9]
	at org.apache.catalina.core.ApplicationFilterChain.internalDoFilter(ApplicationFilterChain.java:189) ~[tomcat-embed-core-9.0.52.jar:9.0.52]
	at org.apache.catalina.core.ApplicationFilterChain.doFilter(ApplicationFilterChain.java:162) ~[tomcat-embed-core-9.0.52.jar:9.0.52]
	at org.springframework.web.filter.CharacterEncodingFilter.doFilterInternal(CharacterEncodingFilter.java:201) ~[spring-web-5.3.9.jar:5.3.9]
	at org.springframework.web.filter.OncePerRequestFilter.doFilter(OncePerRequestFilter.java:119) ~[spring-web-5.3.9.jar:5.3.9]
	at org.apache.catalina.core.ApplicationFilterChain.internalDoFilter(ApplicationFilterChain.java:189) ~[tomcat-embed-core-9.0.52.jar:9.0.52]
	at org.apache.catalina.core.ApplicationFilterChain.doFilter(ApplicationFilterChain.java:162) ~[tomcat-embed-core-9.0.52.jar:9.0.52]
	at org.apache.catalina.core.StandardWrapperValve.invoke(StandardWrapperValve.java:197) ~[tomcat-embed-core-9.0.52.jar:9.0.52]
	at org.apache.catalina.core.StandardContextValve.invoke(StandardContextValve.java:97) [tomcat-embed-core-9.0.52.jar:9.0.52]
	at org.apache.catalina.authenticator.AuthenticatorBase.invoke(AuthenticatorBase.java:542) [tomcat-embed-core-9.0.52.jar:9.0.52]
	at org.apache.catalina.core.StandardHostValve.invoke(StandardHostValve.java:135) [tomcat-embed-core-9.0.52.jar:9.0.52]
	at org.apache.catalina.valves.ErrorReportValve.invoke(ErrorReportValve.java:92) [tomcat-embed-core-9.0.52.jar:9.0.52]
	at org.apache.catalina.core.StandardEngineValve.invoke(StandardEngineValve.java:78) [tomcat-embed-core-9.0.52.jar:9.0.52]
	at org.apache.catalina.connector.CoyoteAdapter.service(CoyoteAdapter.java:357) [tomcat-embed-core-9.0.52.jar:9.0.52]
	at org.apache.coyote.http11.Http11Processor.service(Http11Processor.java:382) [tomcat-embed-core-9.0.52.jar:9.0.52]
	at org.apache.coyote.AbstractProcessorLight.process(AbstractProcessorLight.java:65) [tomcat-embed-core-9.0.52.jar:9.0.52]
	at org.apache.coyote.AbstractProtocol$ConnectionHandler.process(AbstractProtocol.java:893) [tomcat-embed-core-9.0.52.jar:9.0.52]
	at org.apache.tomcat.util.net.NioEndpoint$SocketProcessor.doRun(NioEndpoint.java:1726) [tomcat-embed-core-9.0.52.jar:9.0.52]
	at org.apache.tomcat.util.net.SocketProcessorBase.run(SocketProcessorBase.java:49) [tomcat-embed-core-9.0.52.jar:9.0.52]
	at org.apache.tomcat.util.threads.ThreadPoolExecutor.runWorker(ThreadPoolExecutor.java:1191) [tomcat-embed-core-9.0.52.jar:9.0.52]
	at org.apache.tomcat.util.threads.ThreadPoolExecutor$Worker.run(ThreadPoolExecutor.java:659) [tomcat-embed-core-9.0.52.jar:9.0.52]
	at org.apache.tomcat.util.threads.TaskThread$WrappingRunnable.run(TaskThread.java:61) [tomcat-embed-core-9.0.52.jar:9.0.52]
	at java.lang.Thread.run(Thread.java:748) [na:1.8.0_291]

2021-11-07 14:49:48.883  INFO 21684 --- [SpringApplicationShutdownHook] com.alibaba.druid.pool.DruidDataSource   : {dataSource-1} closing ...
2021-11-07 14:49:48.887  INFO 21684 --- [SpringApplicationShutdownHook] com.alibaba.druid.pool.DruidDataSource   : {dataSource-1} closed
2021-11-07 14:49:52.171  INFO 37020 --- [restartedMain] com.yiwa.community.CommunityApplication  : Starting CommunityApplication using Java 1.8.0_291 on LAPTOP-U1MTCBV8 with PID 37020 (D:\编程文件\community\target\classes started by DA in D:\编程文件\community)
2021-11-07 14:49:52.173  INFO 37020 --- [restartedMain] com.yiwa.community.CommunityApplication  : The following profiles are active: prod
2021-11-07 14:49:52.224  INFO 37020 --- [restartedMain] .e.DevToolsPropertyDefaultsPostProcessor : Devtools property defaults active! Set 'spring.devtools.add-properties' to 'false' to disable
2021-11-07 14:49:52.225  INFO 37020 --- [restartedMain] .e.DevToolsPropertyDefaultsPostProcessor : For additional web related logging consider setting the 'logging.level.web' property to 'DEBUG'
2021-11-07 14:49:53.342  INFO 37020 --- [restartedMain] o.s.b.w.embedded.tomcat.TomcatWebServer  : Tomcat initialized with port(s): 8080 (http)
2021-11-07 14:49:53.350  INFO 37020 --- [restartedMain] o.apache.catalina.core.StandardService   : Starting service [Tomcat]
2021-11-07 14:49:53.351  INFO 37020 --- [restartedMain] org.apache.catalina.core.StandardEngine  : Starting Servlet engine: [Apache Tomcat/9.0.52]
2021-11-07 14:49:53.430  INFO 37020 --- [restartedMain] o.a.c.c.C.[Tomcat].[localhost].[/]       : Initializing Spring embedded WebApplicationContext
2021-11-07 14:49:53.431  INFO 37020 --- [restartedMain] w.s.c.ServletWebServerApplicationContext : Root WebApplicationContext: initialization completed in 1206 ms
2021-11-07 14:49:54.111  INFO 37020 --- [restartedMain] o.s.b.a.w.s.WelcomePageHandlerMapping    : Adding welcome page template: index
2021-11-07 14:49:54.396  INFO 37020 --- [restartedMain] o.s.b.d.a.OptionalLiveReloadServer       : LiveReload server is running on port 35729
2021-11-07 14:49:54.433  INFO 37020 --- [restartedMain] o.s.b.w.embedded.tomcat.TomcatWebServer  : Tomcat started on port(s): 8080 (http) with context path ''
2021-11-07 14:49:54.443  INFO 37020 --- [restartedMain] com.yiwa.community.CommunityApplication  : Started CommunityApplication in 2.726 seconds (JVM running for 4.407)
2021-11-07 14:50:08.196  INFO 37020 --- [http-nio-8080-exec-1] o.a.c.c.C.[Tomcat].[localhost].[/]       : Initializing Spring DispatcherServlet 'dispatcherServlet'
2021-11-07 14:50:08.197  INFO 37020 --- [http-nio-8080-exec-1] o.s.web.servlet.DispatcherServlet        : Initializing Servlet 'dispatcherServlet'
2021-11-07 14:50:08.198  INFO 37020 --- [http-nio-8080-exec-1] o.s.web.servlet.DispatcherServlet        : Completed initialization in 1 ms
2021-11-07 14:50:08.273  INFO 37020 --- [http-nio-8080-exec-1] com.alibaba.druid.pool.DruidDataSource   : {dataSource-1} inited
2021-11-07 14:50:08.381  INFO 37020 --- [http-nio-8080-exec-1] c.y.c.controller.routerController        : 79003485 用户再次登录
2021-11-07 14:50:20.793  INFO 37020 --- [http-nio-8080-exec-9] c.y.c.controller.routerController        : 79003485 用户再次登录
2021-11-07 14:52:49.275 ERROR 37020 --- [http-nio-8080-exec-9] o.a.c.c.C.[.[.[/].[dispatcherServlet]    : Servlet.service() for servlet [dispatcherServlet] in context with path [] threw exception [Request processing failed; nested exception is org.mybatis.spring.MyBatisSystemException: nested exception is org.apache.ibatis.binding.BindingException: Parameter 'offset' not found. Available parameters are [search, param1]] with root cause

org.apache.ibatis.binding.BindingException: Parameter 'offset' not found. Available parameters are [search, param1]
	at org.apache.ibatis.binding.MapperMethod$ParamMap.get(MapperMethod.java:212) ~[mybatis-3.5.7.jar:3.5.7]
	at org.apache.ibatis.reflection.wrapper.MapWrapper.get(MapWrapper.java:45) ~[mybatis-3.5.7.jar:3.5.7]
	at org.apache.ibatis.reflection.MetaObject.getValue(MetaObject.java:122) ~[mybatis-3.5.7.jar:3.5.7]
	at org.apache.ibatis.executor.BaseExecutor.createCacheKey(BaseExecutor.java:219) ~[mybatis-3.5.7.jar:3.5.7]
	at org.apache.ibatis.executor.CachingExecutor.createCacheKey(CachingExecutor.java:146) ~[mybatis-3.5.7.jar:3.5.7]
	at org.apache.ibatis.executor.CachingExecutor.query(CachingExecutor.java:88) ~[mybatis-3.5.7.jar:3.5.7]
	at org.apache.ibatis.session.defaults.DefaultSqlSession.selectList(DefaultSqlSession.java:151) ~[mybatis-3.5.7.jar:3.5.7]
	at org.apache.ibatis.session.defaults.DefaultSqlSession.selectList(DefaultSqlSession.java:145) ~[mybatis-3.5.7.jar:3.5.7]
	at org.apache.ibatis.session.defaults.DefaultSqlSession.selectList(DefaultSqlSession.java:140) ~[mybatis-3.5.7.jar:3.5.7]
	at org.apache.ibatis.session.defaults.DefaultSqlSession.selectOne(DefaultSqlSession.java:76) ~[mybatis-3.5.7.jar:3.5.7]
	at sun.reflect.NativeMethodAccessorImpl.invoke0(Native Method) ~[na:1.8.0_291]
	at sun.reflect.NativeMethodAccessorImpl.invoke(NativeMethodAccessorImpl.java:62) ~[na:1.8.0_291]
	at sun.reflect.DelegatingMethodAccessorImpl.invoke(DelegatingMethodAccessorImpl.java:43) ~[na:1.8.0_291]
	at java.lang.reflect.Method.invoke(Method.java:498) ~[na:1.8.0_291]
	at org.mybatis.spring.SqlSessionTemplate$SqlSessionInterceptor.invoke(SqlSessionTemplate.java:427) ~[mybatis-spring-2.0.6.jar:2.0.6]
	at com.sun.proxy.$Proxy62.selectOne(Unknown Source) ~[na:na]
	at org.mybatis.spring.SqlSessionTemplate.selectOne(SqlSessionTemplate.java:160) ~[mybatis-spring-2.0.6.jar:2.0.6]
	at org.apache.ibatis.binding.MapperMethod.execute(MapperMethod.java:87) ~[mybatis-3.5.7.jar:3.5.7]
	at org.apache.ibatis.binding.MapperProxy$PlainMethodInvoker.invoke(MapperProxy.java:145) ~[mybatis-3.5.7.jar:3.5.7]
	at org.apache.ibatis.binding.MapperProxy.invoke(MapperProxy.java:86) ~[mybatis-3.5.7.jar:3.5.7]
	at com.sun.proxy.$Proxy65.countSearchResult(Unknown Source) ~[na:na]
	at sun.reflect.NativeMethodAccessorImpl.invoke0(Native Method) ~[na:1.8.0_291]
	at sun.reflect.NativeMethodAccessorImpl.invoke(NativeMethodAccessorImpl.java:62) ~[na:1.8.0_291]
	at sun.reflect.DelegatingMethodAccessorImpl.invoke(DelegatingMethodAccessorImpl.java:43) ~[na:1.8.0_291]
	at java.lang.reflect.Method.invoke(Method.java:498) ~[na:1.8.0_291]
	at org.springframework.aop.support.AopUtils.invokeJoinpointUsingReflection(AopUtils.java:344) ~[spring-aop-5.3.9.jar:5.3.9]
	at org.springframework.aop.framework.ReflectiveMethodInvocation.invokeJoinpoint(ReflectiveMethodInvocation.java:198) ~[spring-aop-5.3.9.jar:5.3.9]
	at org.springframework.aop.framework.ReflectiveMethodInvocation.proceed(ReflectiveMethodInvocation.java:163) ~[spring-aop-5.3.9.jar:5.3.9]
	at org.springframework.dao.support.PersistenceExceptionTranslationInterceptor.invoke(PersistenceExceptionTranslationInterceptor.java:137) ~[spring-tx-5.3.9.jar:5.3.9]
	at org.springframework.aop.framework.ReflectiveMethodInvocation.proceed(ReflectiveMethodInvocation.java:186) ~[spring-aop-5.3.9.jar:5.3.9]
	at org.springframework.aop.framework.JdkDynamicAopProxy.invoke(JdkDynamicAopProxy.java:215) ~[spring-aop-5.3.9.jar:5.3.9]
	at com.sun.proxy.$Proxy66.countSearchResult(Unknown Source) ~[na:na]
	at com.yiwa.community.controller.routerController.index(routerController.java:90) ~[classes/:na]
	at sun.reflect.NativeMethodAccessorImpl.invoke0(Native Method) ~[na:1.8.0_291]
	at sun.reflect.NativeMethodAccessorImpl.invoke(NativeMethodAccessorImpl.java:62) ~[na:1.8.0_291]
	at sun.reflect.DelegatingMethodAccessorImpl.invoke(DelegatingMethodAccessorImpl.java:43) ~[na:1.8.0_291]
	at java.lang.reflect.Method.invoke(Method.java:498) ~[na:1.8.0_291]
	at org.springframework.web.method.support.InvocableHandlerMethod.doInvoke(InvocableHandlerMethod.java:197) ~[spring-web-5.3.9.jar:5.3.9]
	at org.springframework.web.method.support.InvocableHandlerMethod.invokeForRequest(InvocableHandlerMethod.java:141) ~[spring-web-5.3.9.jar:5.3.9]
	at org.springframework.web.servlet.mvc.method.annotation.ServletInvocableHandlerMethod.invokeAndHandle(ServletInvocableHandlerMethod.java:106) ~[spring-webmvc-5.3.9.jar:5.3.9]
	at org.springframework.web.servlet.mvc.method.annotation.RequestMappingHandlerAdapter.invokeHandlerMethod(RequestMappingHandlerAdapter.java:895) ~[spring-webmvc-5.3.9.jar:5.3.9]
	at org.springframework.web.servlet.mvc.method.annotation.RequestMappingHandlerAdapter.handleInternal(RequestMappingHandlerAdapter.java:808) ~[spring-webmvc-5.3.9.jar:5.3.9]
	at org.springframework.web.servlet.mvc.method.AbstractHandlerMethodAdapter.handle(AbstractHandlerMethodAdapter.java:87) ~[spring-webmvc-5.3.9.jar:5.3.9]
	at org.springframework.web.servlet.DispatcherServlet.doDispatch(DispatcherServlet.java:1064) ~[spring-webmvc-5.3.9.jar:5.3.9]
	at org.springframework.web.servlet.DispatcherServlet.doService(DispatcherServlet.java:963) ~[spring-webmvc-5.3.9.jar:5.3.9]
	at org.springframework.web.servlet.FrameworkServlet.processRequest(FrameworkServlet.java:1006) ~[spring-webmvc-5.3.9.jar:5.3.9]
	at org.springframework.web.servlet.FrameworkServlet.doGet(FrameworkServlet.java:898) ~[spring-webmvc-5.3.9.jar:5.3.9]
	at javax.servlet.http.HttpServlet.service(HttpServlet.java:655) ~[tomcat-embed-core-9.0.52.jar:4.0.FR]
	at org.springframework.web.servlet.FrameworkServlet.service(FrameworkServlet.java:883) ~[spring-webmvc-5.3.9.jar:5.3.9]
	at javax.servlet.http.HttpServlet.service(HttpServlet.java:764) ~[tomcat-embed-core-9.0.52.jar:4.0.FR]
	at org.apache.catalina.core.ApplicationFilterChain.internalDoFilter(ApplicationFilterChain.java:227) ~[tomcat-embed-core-9.0.52.jar:9.0.52]
	at org.apache.catalina.core.ApplicationFilterChain.doFilter(ApplicationFilterChain.java:162) ~[tomcat-embed-core-9.0.52.jar:9.0.52]
	at org.apache.tomcat.websocket.server.WsFilter.doFilter(WsFilter.java:53) ~[tomcat-embed-websocket-9.0.52.jar:9.0.52]
	at org.apache.catalina.core.ApplicationFilterChain.internalDoFilter(ApplicationFilterChain.java:189) ~[tomcat-embed-core-9.0.52.jar:9.0.52]
	at org.apache.catalina.core.ApplicationFilterChain.doFilter(ApplicationFilterChain.java:162) ~[tomcat-embed-core-9.0.52.jar:9.0.52]
	at org.springframework.web.filter.RequestContextFilter.doFilterInternal(RequestContextFilter.java:100) ~[spring-web-5.3.9.jar:5.3.9]
	at org.springframework.web.filter.OncePerRequestFilter.doFilter(OncePerRequestFilter.java:119) ~[spring-web-5.3.9.jar:5.3.9]
	at org.apache.catalina.core.ApplicationFilterChain.internalDoFilter(ApplicationFilterChain.java:189) ~[tomcat-embed-core-9.0.52.jar:9.0.52]
	at org.apache.catalina.core.ApplicationFilterChain.doFilter(ApplicationFilterChain.java:162) ~[tomcat-embed-core-9.0.52.jar:9.0.52]
	at org.springframework.web.filter.FormContentFilter.doFilterInternal(FormContentFilter.java:93) ~[spring-web-5.3.9.jar:5.3.9]
	at org.springframework.web.filter.OncePerRequestFilter.doFilter(OncePerRequestFilter.java:119) ~[spring-web-5.3.9.jar:5.3.9]
	at org.apache.catalina.core.ApplicationFilterChain.internalDoFilter(ApplicationFilterChain.java:189) ~[tomcat-embed-core-9.0.52.jar:9.0.52]
	at org.apache.catalina.core.ApplicationFilterChain.doFilter(ApplicationFilterChain.java:162) ~[tomcat-embed-core-9.0.52.jar:9.0.52]
	at org.springframework.web.filter.CharacterEncodingFilter.doFilterInternal(CharacterEncodingFilter.java:201) ~[spring-web-5.3.9.jar:5.3.9]
	at org.springframework.web.filter.OncePerRequestFilter.doFilter(OncePerRequestFilter.java:119) ~[spring-web-5.3.9.jar:5.3.9]
	at org.apache.catalina.core.ApplicationFilterChain.internalDoFilter(ApplicationFilterChain.java:189) ~[tomcat-embed-core-9.0.52.jar:9.0.52]
	at org.apache.catalina.core.ApplicationFilterChain.doFilter(ApplicationFilterChain.java:162) ~[tomcat-embed-core-9.0.52.jar:9.0.52]
	at org.apache.catalina.core.StandardWrapperValve.invoke(StandardWrapperValve.java:197) ~[tomcat-embed-core-9.0.52.jar:9.0.52]
	at org.apache.catalina.core.StandardContextValve.invoke(StandardContextValve.java:97) [tomcat-embed-core-9.0.52.jar:9.0.52]
	at org.apache.catalina.authenticator.AuthenticatorBase.invoke(AuthenticatorBase.java:542) [tomcat-embed-core-9.0.52.jar:9.0.52]
	at org.apache.catalina.core.StandardHostValve.invoke(StandardHostValve.java:135) [tomcat-embed-core-9.0.52.jar:9.0.52]
	at org.apache.catalina.valves.ErrorReportValve.invoke(ErrorReportValve.java:92) [tomcat-embed-core-9.0.52.jar:9.0.52]
	at org.apache.catalina.core.StandardEngineValve.invoke(StandardEngineValve.java:78) [tomcat-embed-core-9.0.52.jar:9.0.52]
	at org.apache.catalina.connector.CoyoteAdapter.service(CoyoteAdapter.java:357) [tomcat-embed-core-9.0.52.jar:9.0.52]
	at org.apache.coyote.http11.Http11Processor.service(Http11Processor.java:382) [tomcat-embed-core-9.0.52.jar:9.0.52]
	at org.apache.coyote.AbstractProcessorLight.process(AbstractProcessorLight.java:65) [tomcat-embed-core-9.0.52.jar:9.0.52]
	at org.apache.coyote.AbstractProtocol$ConnectionHandler.process(AbstractProtocol.java:893) [tomcat-embed-core-9.0.52.jar:9.0.52]
	at org.apache.tomcat.util.net.NioEndpoint$SocketProcessor.doRun(NioEndpoint.java:1726) [tomcat-embed-core-9.0.52.jar:9.0.52]
	at org.apache.tomcat.util.net.SocketProcessorBase.run(SocketProcessorBase.java:49) [tomcat-embed-core-9.0.52.jar:9.0.52]
	at org.apache.tomcat.util.threads.ThreadPoolExecutor.runWorker(ThreadPoolExecutor.java:1191) [tomcat-embed-core-9.0.52.jar:9.0.52]
	at org.apache.tomcat.util.threads.ThreadPoolExecutor$Worker.run(ThreadPoolExecutor.java:659) [tomcat-embed-core-9.0.52.jar:9.0.52]
	at org.apache.tomcat.util.threads.TaskThread$WrappingRunnable.run(TaskThread.java:61) [tomcat-embed-core-9.0.52.jar:9.0.52]
	at java.lang.Thread.run(Thread.java:748) [na:1.8.0_291]

2021-11-07 14:52:49.278  WARN 37020 --- [http-nio-8080-exec-3] c.a.druid.pool.DruidAbstractDataSource   : discard long time none received connection. , jdbcUrl : jdbc:mysql://localhost:3306/community, version : 1.2.5, lastPacketReceivedIdleMillis : 148474
2021-11-07 14:52:49.283  INFO 37020 --- [http-nio-8080-exec-3] c.y.c.controller.routerController        : 79003485 用户再次登录
2021-11-07 14:52:49.288 ERROR 37020 --- [http-nio-8080-exec-3] o.a.c.c.C.[.[.[/].[dispatcherServlet]    : Servlet.service() for servlet [dispatcherServlet] in context with path [] threw exception [Request processing failed; nested exception is org.mybatis.spring.MyBatisSystemException: nested exception is org.apache.ibatis.binding.BindingException: Parameter 'offset' not found. Available parameters are [search, param1]] with root cause

org.apache.ibatis.binding.BindingException: Parameter 'offset' not found. Available parameters are [search, param1]
	at org.apache.ibatis.binding.MapperMethod$ParamMap.get(MapperMethod.java:212) ~[mybatis-3.5.7.jar:3.5.7]
	at org.apache.ibatis.reflection.wrapper.MapWrapper.get(MapWrapper.java:45) ~[mybatis-3.5.7.jar:3.5.7]
	at org.apache.ibatis.reflection.MetaObject.getValue(MetaObject.java:122) ~[mybatis-3.5.7.jar:3.5.7]
	at org.apache.ibatis.executor.BaseExecutor.createCacheKey(BaseExecutor.java:219) ~[mybatis-3.5.7.jar:3.5.7]
	at org.apache.ibatis.executor.CachingExecutor.createCacheKey(CachingExecutor.java:146) ~[mybatis-3.5.7.jar:3.5.7]
	at org.apache.ibatis.executor.CachingExecutor.query(CachingExecutor.java:88) ~[mybatis-3.5.7.jar:3.5.7]
	at org.apache.ibatis.session.defaults.DefaultSqlSession.selectList(DefaultSqlSession.java:151) ~[mybatis-3.5.7.jar:3.5.7]
	at org.apache.ibatis.session.defaults.DefaultSqlSession.selectList(DefaultSqlSession.java:145) ~[mybatis-3.5.7.jar:3.5.7]
	at org.apache.ibatis.session.defaults.DefaultSqlSession.selectList(DefaultSqlSession.java:140) ~[mybatis-3.5.7.jar:3.5.7]
	at org.apache.ibatis.session.defaults.DefaultSqlSession.selectOne(DefaultSqlSession.java:76) ~[mybatis-3.5.7.jar:3.5.7]
	at sun.reflect.NativeMethodAccessorImpl.invoke0(Native Method) ~[na:1.8.0_291]
	at sun.reflect.NativeMethodAccessorImpl.invoke(NativeMethodAccessorImpl.java:62) ~[na:1.8.0_291]
	at sun.reflect.DelegatingMethodAccessorImpl.invoke(DelegatingMethodAccessorImpl.java:43) ~[na:1.8.0_291]
	at java.lang.reflect.Method.invoke(Method.java:498) ~[na:1.8.0_291]
	at org.mybatis.spring.SqlSessionTemplate$SqlSessionInterceptor.invoke(SqlSessionTemplate.java:427) ~[mybatis-spring-2.0.6.jar:2.0.6]
	at com.sun.proxy.$Proxy62.selectOne(Unknown Source) ~[na:na]
	at org.mybatis.spring.SqlSessionTemplate.selectOne(SqlSessionTemplate.java:160) ~[mybatis-spring-2.0.6.jar:2.0.6]
	at org.apache.ibatis.binding.MapperMethod.execute(MapperMethod.java:87) ~[mybatis-3.5.7.jar:3.5.7]
	at org.apache.ibatis.binding.MapperProxy$PlainMethodInvoker.invoke(MapperProxy.java:145) ~[mybatis-3.5.7.jar:3.5.7]
	at org.apache.ibatis.binding.MapperProxy.invoke(MapperProxy.java:86) ~[mybatis-3.5.7.jar:3.5.7]
	at com.sun.proxy.$Proxy65.countSearchResult(Unknown Source) ~[na:na]
	at sun.reflect.NativeMethodAccessorImpl.invoke0(Native Method) ~[na:1.8.0_291]
	at sun.reflect.NativeMethodAccessorImpl.invoke(NativeMethodAccessorImpl.java:62) ~[na:1.8.0_291]
	at sun.reflect.DelegatingMethodAccessorImpl.invoke(DelegatingMethodAccessorImpl.java:43) ~[na:1.8.0_291]
	at java.lang.reflect.Method.invoke(Method.java:498) ~[na:1.8.0_291]
	at org.springframework.aop.support.AopUtils.invokeJoinpointUsingReflection(AopUtils.java:344) ~[spring-aop-5.3.9.jar:5.3.9]
	at org.springframework.aop.framework.ReflectiveMethodInvocation.invokeJoinpoint(ReflectiveMethodInvocation.java:198) ~[spring-aop-5.3.9.jar:5.3.9]
	at org.springframework.aop.framework.ReflectiveMethodInvocation.proceed(ReflectiveMethodInvocation.java:163) ~[spring-aop-5.3.9.jar:5.3.9]
	at org.springframework.dao.support.PersistenceExceptionTranslationInterceptor.invoke(PersistenceExceptionTranslationInterceptor.java:137) ~[spring-tx-5.3.9.jar:5.3.9]
	at org.springframework.aop.framework.ReflectiveMethodInvocation.proceed(ReflectiveMethodInvocation.java:186) ~[spring-aop-5.3.9.jar:5.3.9]
	at org.springframework.aop.framework.JdkDynamicAopProxy.invoke(JdkDynamicAopProxy.java:215) ~[spring-aop-5.3.9.jar:5.3.9]
	at com.sun.proxy.$Proxy66.countSearchResult(Unknown Source) ~[na:na]
	at com.yiwa.community.controller.routerController.index(routerController.java:90) ~[classes/:na]
	at sun.reflect.NativeMethodAccessorImpl.invoke0(Native Method) ~[na:1.8.0_291]
	at sun.reflect.NativeMethodAccessorImpl.invoke(NativeMethodAccessorImpl.java:62) ~[na:1.8.0_291]
	at sun.reflect.DelegatingMethodAccessorImpl.invoke(DelegatingMethodAccessorImpl.java:43) ~[na:1.8.0_291]
	at java.lang.reflect.Method.invoke(Method.java:498) ~[na:1.8.0_291]
	at org.springframework.web.method.support.InvocableHandlerMethod.doInvoke(InvocableHandlerMethod.java:197) ~[spring-web-5.3.9.jar:5.3.9]
	at org.springframework.web.method.support.InvocableHandlerMethod.invokeForRequest(InvocableHandlerMethod.java:141) ~[spring-web-5.3.9.jar:5.3.9]
	at org.springframework.web.servlet.mvc.method.annotation.ServletInvocableHandlerMethod.invokeAndHandle(ServletInvocableHandlerMethod.java:106) ~[spring-webmvc-5.3.9.jar:5.3.9]
	at org.springframework.web.servlet.mvc.method.annotation.RequestMappingHandlerAdapter.invokeHandlerMethod(RequestMappingHandlerAdapter.java:895) ~[spring-webmvc-5.3.9.jar:5.3.9]
	at org.springframework.web.servlet.mvc.method.annotation.RequestMappingHandlerAdapter.handleInternal(RequestMappingHandlerAdapter.java:808) ~[spring-webmvc-5.3.9.jar:5.3.9]
	at org.springframework.web.servlet.mvc.method.AbstractHandlerMethodAdapter.handle(AbstractHandlerMethodAdapter.java:87) ~[spring-webmvc-5.3.9.jar:5.3.9]
	at org.springframework.web.servlet.DispatcherServlet.doDispatch(DispatcherServlet.java:1064) ~[spring-webmvc-5.3.9.jar:5.3.9]
	at org.springframework.web.servlet.DispatcherServlet.doService(DispatcherServlet.java:963) ~[spring-webmvc-5.3.9.jar:5.3.9]
	at org.springframework.web.servlet.FrameworkServlet.processRequest(FrameworkServlet.java:1006) ~[spring-webmvc-5.3.9.jar:5.3.9]
	at org.springframework.web.servlet.FrameworkServlet.doGet(FrameworkServlet.java:898) ~[spring-webmvc-5.3.9.jar:5.3.9]
	at javax.servlet.http.HttpServlet.service(HttpServlet.java:655) ~[tomcat-embed-core-9.0.52.jar:4.0.FR]
	at org.springframework.web.servlet.FrameworkServlet.service(FrameworkServlet.java:883) ~[spring-webmvc-5.3.9.jar:5.3.9]
	at javax.servlet.http.HttpServlet.service(HttpServlet.java:764) ~[tomcat-embed-core-9.0.52.jar:4.0.FR]
	at org.apache.catalina.core.ApplicationFilterChain.internalDoFilter(ApplicationFilterChain.java:227) ~[tomcat-embed-core-9.0.52.jar:9.0.52]
	at org.apache.catalina.core.ApplicationFilterChain.doFilter(ApplicationFilterChain.java:162) ~[tomcat-embed-core-9.0.52.jar:9.0.52]
	at org.apache.tomcat.websocket.server.WsFilter.doFilter(WsFilter.java:53) ~[tomcat-embed-websocket-9.0.52.jar:9.0.52]
	at org.apache.catalina.core.ApplicationFilterChain.internalDoFilter(ApplicationFilterChain.java:189) ~[tomcat-embed-core-9.0.52.jar:9.0.52]
	at org.apache.catalina.core.ApplicationFilterChain.doFilter(ApplicationFilterChain.java:162) ~[tomcat-embed-core-9.0.52.jar:9.0.52]
	at org.springframework.web.filter.RequestContextFilter.doFilterInternal(RequestContextFilter.java:100) ~[spring-web-5.3.9.jar:5.3.9]
	at org.springframework.web.filter.OncePerRequestFilter.doFilter(OncePerRequestFilter.java:119) ~[spring-web-5.3.9.jar:5.3.9]
	at org.apache.catalina.core.ApplicationFilterChain.internalDoFilter(ApplicationFilterChain.java:189) ~[tomcat-embed-core-9.0.52.jar:9.0.52]
	at org.apache.catalina.core.ApplicationFilterChain.doFilter(ApplicationFilterChain.java:162) ~[tomcat-embed-core-9.0.52.jar:9.0.52]
	at org.springframework.web.filter.FormContentFilter.doFilterInternal(FormContentFilter.java:93) ~[spring-web-5.3.9.jar:5.3.9]
	at org.springframework.web.filter.OncePerRequestFilter.doFilter(OncePerRequestFilter.java:119) ~[spring-web-5.3.9.jar:5.3.9]
	at org.apache.catalina.core.ApplicationFilterChain.internalDoFilter(ApplicationFilterChain.java:189) ~[tomcat-embed-core-9.0.52.jar:9.0.52]
	at org.apache.catalina.core.ApplicationFilterChain.doFilter(ApplicationFilterChain.java:162) ~[tomcat-embed-core-9.0.52.jar:9.0.52]
	at org.springframework.web.filter.CharacterEncodingFilter.doFilterInternal(CharacterEncodingFilter.java:201) ~[spring-web-5.3.9.jar:5.3.9]
	at org.springframework.web.filter.OncePerRequestFilter.doFilter(OncePerRequestFilter.java:119) ~[spring-web-5.3.9.jar:5.3.9]
	at org.apache.catalina.core.ApplicationFilterChain.internalDoFilter(ApplicationFilterChain.java:189) ~[tomcat-embed-core-9.0.52.jar:9.0.52]
	at org.apache.catalina.core.ApplicationFilterChain.doFilter(ApplicationFilterChain.java:162) ~[tomcat-embed-core-9.0.52.jar:9.0.52]
	at org.apache.catalina.core.StandardWrapperValve.invoke(StandardWrapperValve.java:197) ~[tomcat-embed-core-9.0.52.jar:9.0.52]
	at org.apache.catalina.core.StandardContextValve.invoke(StandardContextValve.java:97) [tomcat-embed-core-9.0.52.jar:9.0.52]
	at org.apache.catalina.authenticator.AuthenticatorBase.invoke(AuthenticatorBase.java:542) [tomcat-embed-core-9.0.52.jar:9.0.52]
	at org.apache.catalina.core.StandardHostValve.invoke(StandardHostValve.java:135) [tomcat-embed-core-9.0.52.jar:9.0.52]
	at org.apache.catalina.valves.ErrorReportValve.invoke(ErrorReportValve.java:92) [tomcat-embed-core-9.0.52.jar:9.0.52]
	at org.apache.catalina.core.StandardEngineValve.invoke(StandardEngineValve.java:78) [tomcat-embed-core-9.0.52.jar:9.0.52]
	at org.apache.catalina.connector.CoyoteAdapter.service(CoyoteAdapter.java:357) [tomcat-embed-core-9.0.52.jar:9.0.52]
	at org.apache.coyote.http11.Http11Processor.service(Http11Processor.java:382) [tomcat-embed-core-9.0.52.jar:9.0.52]
	at org.apache.coyote.AbstractProcessorLight.process(AbstractProcessorLight.java:65) [tomcat-embed-core-9.0.52.jar:9.0.52]
	at org.apache.coyote.AbstractProtocol$ConnectionHandler.process(AbstractProtocol.java:893) [tomcat-embed-core-9.0.52.jar:9.0.52]
	at org.apache.tomcat.util.net.NioEndpoint$SocketProcessor.doRun(NioEndpoint.java:1726) [tomcat-embed-core-9.0.52.jar:9.0.52]
	at org.apache.tomcat.util.net.SocketProcessorBase.run(SocketProcessorBase.java:49) [tomcat-embed-core-9.0.52.jar:9.0.52]
	at org.apache.tomcat.util.threads.ThreadPoolExecutor.runWorker(ThreadPoolExecutor.java:1191) [tomcat-embed-core-9.0.52.jar:9.0.52]
	at org.apache.tomcat.util.threads.ThreadPoolExecutor$Worker.run(ThreadPoolExecutor.java:659) [tomcat-embed-core-9.0.52.jar:9.0.52]
	at org.apache.tomcat.util.threads.TaskThread$WrappingRunnable.run(TaskThread.java:61) [tomcat-embed-core-9.0.52.jar:9.0.52]
	at java.lang.Thread.run(Thread.java:748) [na:1.8.0_291]

2021-11-07 14:52:49.490  INFO 37020 --- [SpringApplicationShutdownHook] com.alibaba.druid.pool.DruidDataSource   : {dataSource-1} closing ...
2021-11-07 14:52:49.493  INFO 37020 --- [SpringApplicationShutdownHook] com.alibaba.druid.pool.DruidDataSource   : {dataSource-1} closed
2021-11-07 14:52:53.212  INFO 24168 --- [restartedMain] com.yiwa.community.CommunityApplication  : Starting CommunityApplication using Java 1.8.0_291 on LAPTOP-U1MTCBV8 with PID 24168 (D:\编程文件\community\target\classes started by DA in D:\编程文件\community)
2021-11-07 14:52:53.214  INFO 24168 --- [restartedMain] com.yiwa.community.CommunityApplication  : The following profiles are active: prod
2021-11-07 14:52:53.246  INFO 24168 --- [restartedMain] .e.DevToolsPropertyDefaultsPostProcessor : Devtools property defaults active! Set 'spring.devtools.add-properties' to 'false' to disable
2021-11-07 14:52:53.247  INFO 24168 --- [restartedMain] .e.DevToolsPropertyDefaultsPostProcessor : For additional web related logging consider setting the 'logging.level.web' property to 'DEBUG'
2021-11-07 14:52:54.057  INFO 24168 --- [restartedMain] o.s.b.w.embedded.tomcat.TomcatWebServer  : Tomcat initialized with port(s): 8080 (http)
2021-11-07 14:52:54.063  INFO 24168 --- [restartedMain] o.apache.catalina.core.StandardService   : Starting service [Tomcat]
2021-11-07 14:52:54.063  INFO 24168 --- [restartedMain] org.apache.catalina.core.StandardEngine  : Starting Servlet engine: [Apache Tomcat/9.0.52]
2021-11-07 14:52:54.132  INFO 24168 --- [restartedMain] o.a.c.c.C.[Tomcat].[localhost].[/]       : Initializing Spring embedded WebApplicationContext
2021-11-07 14:52:54.133  INFO 24168 --- [restartedMain] w.s.c.ServletWebServerApplicationContext : Root WebApplicationContext: initialization completed in 886 ms
2021-11-07 14:52:54.665  INFO 24168 --- [restartedMain] o.s.b.a.w.s.WelcomePageHandlerMapping    : Adding welcome page template: index
2021-11-07 14:52:54.918  INFO 24168 --- [restartedMain] o.s.b.d.a.OptionalLiveReloadServer       : LiveReload server is running on port 35729
2021-11-07 14:52:54.948  INFO 24168 --- [restartedMain] o.s.b.w.embedded.tomcat.TomcatWebServer  : Tomcat started on port(s): 8080 (http) with context path ''
2021-11-07 14:52:54.956  INFO 24168 --- [restartedMain] com.yiwa.community.CommunityApplication  : Started CommunityApplication in 2.076 seconds (JVM running for 2.789)
2021-11-07 14:52:55.540  INFO 24168 --- [http-nio-8080-exec-1] o.a.c.c.C.[Tomcat].[localhost].[/]       : Initializing Spring DispatcherServlet 'dispatcherServlet'
2021-11-07 14:52:55.541  INFO 24168 --- [http-nio-8080-exec-1] o.s.web.servlet.DispatcherServlet        : Initializing Servlet 'dispatcherServlet'
2021-11-07 14:52:55.541  INFO 24168 --- [http-nio-8080-exec-1] o.s.web.servlet.DispatcherServlet        : Completed initialization in 0 ms
2021-11-07 14:52:55.603  INFO 24168 --- [http-nio-8080-exec-1] com.alibaba.druid.pool.DruidDataSource   : {dataSource-1} inited
2021-11-07 14:52:55.695  INFO 24168 --- [http-nio-8080-exec-1] c.y.c.controller.routerController        : 79003485 用户再次登录
2021-11-07 14:53:06.266  INFO 24168 --- [http-nio-8080-exec-9] c.y.c.controller.routerController        : 79003485 用户再次登录
2021-11-07 14:53:10.906  INFO 24168 --- [http-nio-8080-exec-6] c.y.c.controller.routerController        : 79003485 用户再次登录
2021-11-07 14:53:13.723  INFO 24168 --- [http-nio-8080-exec-7] c.y.c.controller.routerController        : 79003485 用户再次登录
2021-11-07 14:53:22.991  INFO 24168 --- [SpringApplicationShutdownHook] com.alibaba.druid.pool.DruidDataSource   : {dataSource-1} closing ...
2021-11-07 14:53:22.995  INFO 24168 --- [SpringApplicationShutdownHook] com.alibaba.druid.pool.DruidDataSource   : {dataSource-1} closed
